{"ts": "2025-11-07T00:41:01", "level": "INFO", "logger": "config", "module": "config", "func": "init_runtime", "line": 83, "msg": "settings_loaded"}
{"ts": "2025-11-07T00:41:01", "level": "INFO", "logger": "server", "module": "server", "func": "<module>", "line": 192, "msg": "server_initialized"}
{"ts": "2025-11-07T00:41:01", "level": "INFO", "logger": "chunkio", "module": "chunkio", "func": "get_file_info", "line": 51, "msg": "file_info"}
{"ts": "2025-11-07T00:41:01", "level": "INFO", "logger": "chunkio", "module": "chunkio", "func": "read_lines", "line": 197, "msg": "read_lines"}
{"ts": "2025-11-07T00:41:01", "level": "INFO", "logger": "chunkio", "module": "chunkio", "func": "read_lines", "line": 197, "msg": "read_lines"}
{"ts": "2025-11-07T00:41:01", "level": "INFO", "logger": "chunkio", "module": "chunkio", "func": "read_lines", "line": 197, "msg": "read_lines"}
{"ts": "2025-11-07T00:41:01", "level": "INFO", "logger": "chunkio", "module": "chunkio", "func": "read_lines", "line": 197, "msg": "read_lines"}
{"ts": "2025-11-07T00:41:01", "level": "INFO", "logger": "chunkio", "module": "chunkio", "func": "read_lines", "line": 197, "msg": "read_lines"}
{"ts": "2025-11-07T00:41:01", "level": "INFO", "logger": "chunkio", "module": "chunkio", "func": "read_lines", "line": 197, "msg": "read_lines"}
{"ts": "2025-11-07T00:41:01", "level": "INFO", "logger": "chunkio", "module": "chunkio", "func": "read_lines", "line": 197, "msg": "read_lines"}
{"ts": "2025-11-07T00:41:01", "level": "INFO", "logger": "chunkio", "module": "chunkio", "func": "read_lines", "line": 197, "msg": "read_lines"}
{"ts": "2025-11-07T00:41:01", "level": "INFO", "logger": "chunkio", "module": "chunkio", "func": "read_lines", "line": 197, "msg": "read_lines"}
{"ts": "2025-11-07T00:41:01", "level": "INFO", "logger": "chunkio", "module": "chunkio", "func": "read_lines", "line": 197, "msg": "read_lines"}
{"ts": "2025-11-07T00:41:01", "level": "INFO", "logger": "chunkio", "module": "chunkio", "func": "read_lines", "line": 197, "msg": "read_lines"}
{"ts": "2025-11-07T00:41:01", "level": "INFO", "logger": "chunkio", "module": "chunkio", "func": "read_lines", "line": 197, "msg": "read_lines"}
{"ts": "2025-11-07T00:41:01", "level": "INFO", "logger": "chunkio", "module": "chunkio", "func": "read_lines", "line": 197, "msg": "read_lines"}
{"ts": "2025-11-07T00:41:01", "level": "INFO", "logger": "chunkio", "module": "chunkio", "func": "read_lines", "line": 197, "msg": "read_lines"}
{"ts": "2025-11-07T00:41:01", "level": "INFO", "logger": "chunkio", "module": "chunkio", "func": "read_lines", "line": 197, "msg": "read_lines"}
{"ts": "2025-11-07T00:41:01", "level": "INFO", "logger": "chunkio", "module": "chunkio", "func": "read_lines", "line": 197, "msg": "read_lines"}
{"ts": "2025-11-07T00:41:01", "level": "INFO", "logger": "chunkio", "module": "chunkio", "func": "read_lines", "line": 197, "msg": "read_lines"}
{"ts": "2025-11-07T00:41:01", "level": "INFO", "logger": "chunkio", "module": "chunkio", "func": "read_lines", "line": 197, "msg": "read_lines"}
{"ts": "2025-11-07T00:41:01", "level": "INFO", "logger": "chunkio", "module": "chunkio", "func": "read_lines", "line": 197, "msg": "read_lines"}
{"ts": "2025-11-07T00:41:01", "level": "INFO", "logger": "chunkio", "module": "chunkio", "func": "read_lines", "line": 197, "msg": "read_lines"}
{"ts": "2025-11-07T00:41:01", "level": "INFO", "logger": "locks", "module": "locks", "func": "__enter__", "line": 42, "msg": "lock_acquired"}
{"ts": "2025-11-07T00:41:01", "level": "INFO", "logger": "locks", "module": "locks", "func": "__exit__", "line": 60, "msg": "lock_released"}
{"ts": "2025-11-07T00:41:01", "level": "INFO", "logger": "chunkio", "module": "chunkio", "func": "append_chunk", "line": 268, "msg": "append_chunk"}
{"ts": "2025-11-07T00:41:01", "level": "INFO", "logger": "chunkio", "module": "chunkio", "func": "build_line_index", "line": 401, "msg": "build_line_index"}
{"ts": "2025-11-07T00:41:01", "level": "INFO", "logger": "chunkio", "module": "chunkio", "func": "read_lines", "line": 197, "msg": "read_lines"}
{"ts": "2025-11-07T00:41:01", "level": "INFO", "logger": "locks", "module": "locks", "func": "__enter__", "line": 42, "msg": "lock_acquired"}
{"ts": "2025-11-07T00:41:01", "level": "INFO", "logger": "locks", "module": "locks", "func": "__exit__", "line": 60, "msg": "lock_released"}
{"ts": "2025-11-07T00:41:01", "level": "INFO", "logger": "chunkio", "module": "chunkio", "func": "insert_chunk", "line": 341, "msg": "insert_chunk"}
{"ts": "2025-11-07T00:41:01", "level": "INFO", "logger": "locks", "module": "locks", "func": "__enter__", "line": 42, "msg": "lock_acquired"}
{"ts": "2025-11-07T00:41:01", "level": "INFO", "logger": "locks", "module": "locks", "func": "__exit__", "line": 60, "msg": "lock_released"}
{"ts": "2025-11-07T00:41:01", "level": "INFO", "logger": "chunkio", "module": "chunkio", "func": "write_overwrite", "line": 236, "msg": "write_overwrite"}
