[2024-02-26 04:20:33,893][root][INFO] - Logging setup complete.
[2024-02-26 04:20:39,464][root][INFO] - Starting fold 1
[2024-02-26 04:20:39,465][root][INFO] - Fold 1: Training set size: 1320, Validation set size: 330
[2024-02-26 04:21:00,825][root][INFO] - Fold 1, Epoch 1, Train Loss: 0.04752463811919803,                   Val Loss: 0.03268067538738251, Test Loss: 0.04537115494410197
[2024-02-26 04:21:09,114][root][INFO] - Fold 1, Epoch 2, Train Loss: 0.02843459589140756,                   Val Loss: 0.022227343482275803, Test Loss: 0.03168821272750696
[2024-02-26 04:21:17,425][root][INFO] - Fold 1, Epoch 3, Train Loss: 0.01994024288086664,                   Val Loss: 0.01661678000042836, Test Loss: 0.0235270739843448
[2024-02-26 04:21:25,754][root][INFO] - Fold 1, Epoch 4, Train Loss: 0.015776329363385837,                   Val Loss: 0.014056680103143057, Test Loss: 0.01882465649396181
[2024-02-26 04:21:34,080][root][INFO] - Fold 1, Epoch 5, Train Loss: 0.013777866028249264,                   Val Loss: 0.01257376108939449, Test Loss: 0.01658615966637929
[2024-02-26 04:21:42,415][root][INFO] - Fold 1, Epoch 6, Train Loss: 0.012437314415971438,                   Val Loss: 0.011540220895161232, Test Loss: 0.015237474193175634
[2024-02-26 04:21:50,769][root][INFO] - Fold 1, Epoch 7, Train Loss: 0.011562559576261611,                   Val Loss: 0.010772795105973879, Test Loss: 0.014155719429254532
[2024-02-26 04:21:59,076][root][INFO] - Fold 1, Epoch 8, Train Loss: 0.0107472732751852,                   Val Loss: 0.010089803176621595, Test Loss: 0.013299952571590742
[2024-02-26 04:22:07,394][root][INFO] - Fold 1, Epoch 9, Train Loss: 0.010078773456847384,                   Val Loss: 0.009510304080322385, Test Loss: 0.012677801152070364
[2024-02-26 04:22:15,715][root][INFO] - Fold 1, Epoch 10, Train Loss: 0.009428783763377439,                   Val Loss: 0.008921841314683357, Test Loss: 0.012063717159132162
[2024-02-26 04:22:24,051][root][INFO] - Fold 1, Epoch 11, Train Loss: 0.008953102576058535,                   Val Loss: 0.008374349058916172, Test Loss: 0.011528901134928068
[2024-02-26 04:22:32,383][root][INFO] - Fold 1, Epoch 12, Train Loss: 0.00844190710978139,                   Val Loss: 0.007896542005861798, Test Loss: 0.011052539572119713
[2024-02-26 04:22:40,705][root][INFO] - Fold 1, Epoch 13, Train Loss: 0.007930221257820017,                   Val Loss: 0.00737711430216829, Test Loss: 0.010490003352363905
[2024-02-26 04:22:49,033][root][INFO] - Fold 1, Epoch 14, Train Loss: 0.007514033067439284,                   Val Loss: 0.006894011826564868, Test Loss: 0.010003340585778156
[2024-02-26 04:22:57,373][root][INFO] - Fold 1, Epoch 15, Train Loss: 0.007014294731475058,                   Val Loss: 0.0063630647491663694, Test Loss: 0.009449488949030638
[2024-02-26 04:23:05,681][root][INFO] - Fold 1, Epoch 16, Train Loss: 0.006569805488522563,                   Val Loss: 0.005800613590205709, Test Loss: 0.00893799246599277
[2024-02-26 04:23:13,994][root][INFO] - Fold 1, Epoch 17, Train Loss: 0.006105347758247739,                   Val Loss: 0.005238390527665615, Test Loss: 0.008352830385168394
[2024-02-26 04:23:22,330][root][INFO] - Fold 1, Epoch 18, Train Loss: 0.005528629424848727,                   Val Loss: 0.004693883820436895, Test Loss: 0.007786670699715614
[2024-02-26 04:23:30,663][root][INFO] - Fold 1, Epoch 19, Train Loss: 0.005133095108682201,                   Val Loss: 0.00425864546559751, Test Loss: 0.007356655628730853
[2024-02-26 04:23:38,965][root][INFO] - Fold 1, Epoch 20, Train Loss: 0.004712239329126619,                   Val Loss: 0.003916983997138838, Test Loss: 0.006816623732447624
[2024-02-26 04:23:47,254][root][INFO] - Fold 1, Epoch 21, Train Loss: 0.00438977761327156,                   Val Loss: 0.003586666154054304, Test Loss: 0.006500874490787585
[2024-02-26 04:23:55,564][root][INFO] - Fold 1, Epoch 22, Train Loss: 0.004104213711495201,                   Val Loss: 0.0033078268946458897, Test Loss: 0.0062066827279826
[2024-02-26 04:24:03,884][root][INFO] - Fold 1, Epoch 23, Train Loss: 0.003912753292492458,                   Val Loss: 0.0030568979758148393, Test Loss: 0.0058817677199840546
[2024-02-26 04:24:12,208][root][INFO] - Fold 1, Epoch 24, Train Loss: 0.00357915353517802,                   Val Loss: 0.002812691149301827, Test Loss: 0.005587023915722966
[2024-02-26 04:24:20,536][root][INFO] - Fold 1, Epoch 25, Train Loss: 0.003352213667572609,                   Val Loss: 0.0026097754016518593, Test Loss: 0.005296318015704553
[2024-02-26 04:24:28,830][root][INFO] - Fold 1, Epoch 26, Train Loss: 0.00323113959304811,                   Val Loss: 0.0024305088833595314, Test Loss: 0.004941602625573675
[2024-02-26 04:24:37,141][root][INFO] - Fold 1, Epoch 27, Train Loss: 0.0030870408074752916,                   Val Loss: 0.0022785214823670685, Test Loss: 0.00482118665240705
[2024-02-26 04:24:45,447][root][INFO] - Fold 1, Epoch 28, Train Loss: 0.0029230021117698578,                   Val Loss: 0.0021655545958007374, Test Loss: 0.004610585824896892
[2024-02-26 04:24:53,756][root][INFO] - Fold 1, Epoch 29, Train Loss: 0.0028039556041005113,                   Val Loss: 0.00207090302137658, Test Loss: 0.004598501914491256
[2024-02-26 04:25:02,059][root][INFO] - Fold 1, Epoch 30, Train Loss: 0.0027452006969334824,                   Val Loss: 0.0019933264314507446, Test Loss: 0.0043408005343129235
[2024-02-26 04:25:10,385][root][INFO] - Fold 1, Epoch 31, Train Loss: 0.002668838681919234,                   Val Loss: 0.001921175338793546, Test Loss: 0.004342316494633754
[2024-02-26 04:25:18,709][root][INFO] - Fold 1, Epoch 32, Train Loss: 0.0025645787772234706,                   Val Loss: 0.0018575569653573136, Test Loss: 0.004228643141686916
[2024-02-26 04:25:27,053][root][INFO] - Fold 1, Epoch 33, Train Loss: 0.002959367674997165,                   Val Loss: 0.001801598526071757, Test Loss: 0.004121355712413788
[2024-02-26 04:25:35,393][root][INFO] - Fold 1, Epoch 34, Train Loss: 0.002438240052599992,                   Val Loss: 0.0017587045246424775, Test Loss: 0.004166024892280499
[2024-02-26 04:25:43,727][root][INFO] - Fold 1, Epoch 35, Train Loss: 0.0024066638877792727,                   Val Loss: 0.0017126059004416068, Test Loss: 0.00403926707804203
[2024-02-26 04:25:52,054][root][INFO] - Fold 1, Epoch 36, Train Loss: 0.0023863552459737376,                   Val Loss: 0.001670824596658349, Test Loss: 0.00397939692872266
[2024-02-26 04:26:00,394][root][INFO] - Fold 1, Epoch 37, Train Loss: 0.0023059351203430977,                   Val Loss: 0.0016357740969397128, Test Loss: 0.003991886895770828
[2024-02-26 04:26:08,710][root][INFO] - Fold 1, Epoch 38, Train Loss: 0.002290263212108541,                   Val Loss: 0.0015992952006248136, Test Loss: 0.003923854557797313
[2024-02-26 04:26:17,038][root][INFO] - Fold 1, Epoch 39, Train Loss: 0.0022077987835343394,                   Val Loss: 0.001565884236091127, Test Loss: 0.003868311100328962
[2024-02-26 04:26:25,367][root][INFO] - Fold 1, Epoch 40, Train Loss: 0.0022199156616503992,                   Val Loss: 0.0015391988757376869, Test Loss: 0.0038956213587274155
[2024-02-26 04:26:33,712][root][INFO] - Fold 1, Epoch 41, Train Loss: 0.0021054615610323494,                   Val Loss: 0.0015089332397716741, Test Loss: 0.0038729047713180384
[2024-02-26 04:26:42,043][root][INFO] - Fold 1, Epoch 42, Train Loss: 0.0020812335202381725,                   Val Loss: 0.0014916516762847702, Test Loss: 0.003815603985761603
[2024-02-26 04:26:50,396][root][INFO] - Fold 1, Epoch 43, Train Loss: 0.0020368131864372464,                   Val Loss: 0.0014564636706685026, Test Loss: 0.0037823538295924664
[2024-02-26 04:26:58,730][root][INFO] - Fold 1, Epoch 44, Train Loss: 0.002037368703722244,                   Val Loss: 0.001443452201783657, Test Loss: 0.0038371557214607797
[2024-02-26 04:27:07,060][root][INFO] - Fold 1, Epoch 45, Train Loss: 0.0019630537800756948,                   Val Loss: 0.0014194768543044727, Test Loss: 0.0038454219854126372
[2024-02-26 04:27:15,372][root][INFO] - Fold 1, Epoch 46, Train Loss: 0.0019050823064476606,                   Val Loss: 0.0014029225373330216, Test Loss: 0.003897509886883199
[2024-02-26 04:27:23,676][root][INFO] - Fold 1, Epoch 47, Train Loss: 0.0018992897738436504,                   Val Loss: 0.0013884841076408823, Test Loss: 0.00381456067164739
[2024-02-26 04:27:31,991][root][INFO] - Fold 1, Epoch 48, Train Loss: 0.0018534622670683479,                   Val Loss: 0.0013695285888388753, Test Loss: 0.0039502506066734595
[2024-02-26 04:27:40,314][root][INFO] - Fold 1, Epoch 49, Train Loss: 0.001842437206678802,                   Val Loss: 0.0013552795280702412, Test Loss: 0.0038523273154472313
[2024-02-26 04:27:48,623][root][INFO] - Fold 1, Epoch 50, Train Loss: 0.001788718989008062,                   Val Loss: 0.0013400375610217452, Test Loss: 0.004046572023071349
[2024-02-26 04:27:48,654][root][INFO] - Model checkpoint for fold 1 saved at /workspaces/edd/outputs/2024-02-26/04-20-33/model_fold_1_epoch_50.pth
[2024-02-26 04:27:56,954][root][INFO] - Fold 1, Epoch 51, Train Loss: 0.0017301031039096415,                   Val Loss: 0.0013346761697903275, Test Loss: 0.00397643664230903
[2024-02-26 04:28:05,271][root][INFO] - Fold 1, Epoch 52, Train Loss: 0.0018037093298820157,                   Val Loss: 0.0013176297846560676, Test Loss: 0.004065977836338182
[2024-02-26 04:28:13,585][root][INFO] - Fold 1, Epoch 53, Train Loss: 0.0016456234457326076,                   Val Loss: 0.0013115775655023754, Test Loss: 0.004134762954587738
[2024-02-26 04:28:21,890][root][INFO] - Fold 1, Epoch 54, Train Loss: 0.0015971930863867914,                   Val Loss: 0.0012953350378666073, Test Loss: 0.004085804646213849
[2024-02-26 04:28:30,207][root][INFO] - Fold 1, Epoch 55, Train Loss: 0.001561298899884735,                   Val Loss: 0.0012886134597162406, Test Loss: 0.0042085356544703245
[2024-02-26 04:28:38,533][root][INFO] - Fold 1, Epoch 56, Train Loss: 0.0015207115045216466,                   Val Loss: 0.001268679751471306, Test Loss: 0.004282511887140572
[2024-02-26 04:28:46,881][root][INFO] - Fold 1, Epoch 57, Train Loss: 0.0014877954797287072,                   Val Loss: 0.0012614750788391877, Test Loss: 0.0043286724636952085
[2024-02-26 04:28:55,218][root][INFO] - Fold 1, Epoch 58, Train Loss: 0.001429049447844071,                   Val Loss: 0.0012541997033016135, Test Loss: 0.004250470354842643
[2024-02-26 04:29:03,563][root][INFO] - Fold 1, Epoch 59, Train Loss: 0.0013992442455630573,                   Val Loss: 0.0012506961550874014, Test Loss: 0.004520528406525652
[2024-02-26 04:29:11,886][root][INFO] - Fold 1, Epoch 60, Train Loss: 0.0013706119914006973,                   Val Loss: 0.0012352605893587072, Test Loss: 0.004236153482149045
[2024-02-26 04:29:20,220][root][INFO] - Fold 1, Epoch 61, Train Loss: 0.0013405919141535247,                   Val Loss: 0.0012419663932329665, Test Loss: 0.004430500324815512
[2024-02-26 04:29:28,544][root][INFO] - Fold 1, Epoch 62, Train Loss: 0.0012787560838097263,                   Val Loss: 0.0012136840668972582, Test Loss: 0.00431899578931431
[2024-02-26 04:29:36,888][root][INFO] - Fold 1, Epoch 63, Train Loss: 0.001244394222296597,                   Val Loss: 0.0012125996581744403, Test Loss: 0.004450434857668976
[2024-02-26 04:29:45,219][root][INFO] - Fold 1, Epoch 64, Train Loss: 0.0012060119132954804,                   Val Loss: 0.001196235796669498, Test Loss: 0.004435922019183636
[2024-02-26 04:29:53,532][root][INFO] - Fold 1, Epoch 65, Train Loss: 0.0011663972511000576,                   Val Loss: 0.0011876155234252412, Test Loss: 0.004467840966147681
[2024-02-26 04:30:01,854][root][INFO] - Fold 1, Epoch 66, Train Loss: 0.0011552886959786217,                   Val Loss: 0.0011763378667334716, Test Loss: 0.004368021929015716
[2024-02-26 04:30:10,289][root][INFO] - Fold 1, Epoch 67, Train Loss: 0.0011100447431783237,                   Val Loss: 0.0011668335646390915, Test Loss: 0.0044960658221195144
[2024-02-26 04:30:18,646][root][INFO] - Fold 1, Epoch 68, Train Loss: 0.0010972628563952942,                   Val Loss: 0.0011539458646439016, Test Loss: 0.0043348294372359914
[2024-02-26 04:30:27,060][root][INFO] - Fold 1, Epoch 69, Train Loss: 0.001068741864790874,                   Val Loss: 0.0011471545343132068, Test Loss: 0.00442218854247282
[2024-02-26 04:30:35,445][root][INFO] - Fold 1, Epoch 70, Train Loss: 0.0010602650027500377,                   Val Loss: 0.0011414968272826325, Test Loss: 0.004303739522583783
[2024-02-26 04:30:43,879][root][INFO] - Fold 1, Epoch 71, Train Loss: 0.0010341461138090207,                   Val Loss: 0.0011267184163443744, Test Loss: 0.004358421196229756
[2024-02-26 04:30:52,248][root][INFO] - Fold 1, Epoch 72, Train Loss: 0.0010101174065355388,                   Val Loss: 0.0011175372443782787, Test Loss: 0.0042631269510214525
[2024-02-26 04:31:00,733][root][INFO] - Fold 1, Epoch 73, Train Loss: 0.0009900640524435965,                   Val Loss: 0.0011084343714173883, Test Loss: 0.0043132729673137265
[2024-02-26 04:31:09,154][root][INFO] - Fold 1, Epoch 74, Train Loss: 0.0009792204696818122,                   Val Loss: 0.0010984119920370479, Test Loss: 0.004184424023454388
[2024-02-26 04:31:17,547][root][INFO] - Fold 1, Epoch 75, Train Loss: 0.0009644701162220112,                   Val Loss: 0.0010897386237047613, Test Loss: 0.004191410727798939
[2024-02-26 04:31:26,016][root][INFO] - Fold 1, Epoch 76, Train Loss: 0.0009423703332209871,                   Val Loss: 0.0010792994968748342, Test Loss: 0.004133993876166642
[2024-02-26 04:31:34,399][root][INFO] - Fold 1, Epoch 77, Train Loss: 0.0009292154988673117,                   Val Loss: 0.001070626642710219, Test Loss: 0.004197411782418688
[2024-02-26 04:31:42,838][root][INFO] - Fold 1, Epoch 78, Train Loss: 0.0009148822975389305,                   Val Loss: 0.0010665332277615864, Test Loss: 0.004072325731006761
[2024-02-26 04:31:51,127][root][INFO] - Fold 1, Epoch 79, Train Loss: 0.0008936144322866486,                   Val Loss: 0.0010601616328737389, Test Loss: 0.004017817749020954
[2024-02-26 04:31:59,434][root][INFO] - Fold 1, Epoch 80, Train Loss: 0.0008888706686862168,                   Val Loss: 0.0010512912704143673, Test Loss: 0.004114307657194634
[2024-02-26 04:32:07,747][root][INFO] - Fold 1, Epoch 81, Train Loss: 0.0008800961271238824,                   Val Loss: 0.001045861708310743, Test Loss: 0.004002703043321769
[2024-02-26 04:32:16,164][root][INFO] - Fold 1, Epoch 82, Train Loss: 0.0008643069249089985,                   Val Loss: 0.001035891017333294, Test Loss: 0.003989195257114868
[2024-02-26 04:32:24,505][root][INFO] - Fold 1, Epoch 83, Train Loss: 0.0008784088256236698,                   Val Loss: 0.0010216824787979324, Test Loss: 0.0039328989417602616
[2024-02-26 04:32:32,854][root][INFO] - Fold 1, Epoch 84, Train Loss: 0.0008657899175194048,                   Val Loss: 0.0010366673523094505, Test Loss: 0.004282161477021873
[2024-02-26 04:32:41,269][root][INFO] - Fold 1, Epoch 85, Train Loss: 0.0008750132928114562,                   Val Loss: 0.0010221238674906392, Test Loss: 0.004102942572596173
[2024-02-26 04:32:49,666][root][INFO] - Fold 1, Epoch 86, Train Loss: 0.000857963764463507,                   Val Loss: 0.0009966265934053808, Test Loss: 0.003892792660432557
[2024-02-26 04:32:58,063][root][INFO] - Fold 1, Epoch 87, Train Loss: 0.0008146437993716626,                   Val Loss: 0.0009918301172244053, Test Loss: 0.003721430121610562
[2024-02-26 04:33:06,484][root][INFO] - Fold 1, Epoch 88, Train Loss: 0.0007989359742385291,                   Val Loss: 0.000984421659571429, Test Loss: 0.003989053734888633
[2024-02-26 04:33:14,890][root][INFO] - Fold 1, Epoch 89, Train Loss: 0.0008028051178414552,                   Val Loss: 0.0009769770646623026, Test Loss: 0.0037655862203488746
[2024-02-26 04:33:23,319][root][INFO] - Fold 1, Epoch 90, Train Loss: 0.0008474298353706088,                   Val Loss: 0.0009845479022866737, Test Loss: 0.004273440921679139
[2024-02-26 04:33:31,706][root][INFO] - Fold 1, Epoch 91, Train Loss: 0.0008612780172067384,                   Val Loss: 0.0009711822494864464, Test Loss: 0.003415469119014839
[2024-02-26 04:33:40,090][root][INFO] - Fold 1, Epoch 92, Train Loss: 0.0007989158288442663,                   Val Loss: 0.0009552200984520217, Test Loss: 0.0038199189584702253
[2024-02-26 04:33:48,471][root][INFO] - Fold 1, Epoch 93, Train Loss: 0.0007894066373063694,                   Val Loss: 0.0009635328509223958, Test Loss: 0.0035515346098691225
[2024-02-26 04:33:56,874][root][INFO] - Fold 1, Epoch 94, Train Loss: 0.000804473803977349,                   Val Loss: 0.0009691094552787641, Test Loss: 0.004763357574120164
[2024-02-26 04:34:05,261][root][INFO] - Fold 1, Epoch 95, Train Loss: 0.0007890198917482936,                   Val Loss: 0.0009652522179142883, Test Loss: 0.0034017114667221904
[2024-02-26 04:34:13,662][root][INFO] - Fold 1, Epoch 96, Train Loss: 0.0007837147900967725,                   Val Loss: 0.0009322319237980992, Test Loss: 0.0034694555991639695
[2024-02-26 04:34:22,069][root][INFO] - Fold 1, Epoch 97, Train Loss: 0.0007358408516405948,                   Val Loss: 0.0009324470884166658, Test Loss: 0.0033617239678278565
[2024-02-26 04:34:30,477][root][INFO] - Fold 1, Epoch 98, Train Loss: 0.0007286633134797393,                   Val Loss: 0.0009220352027720461, Test Loss: 0.003586137124026815
[2024-02-26 04:34:38,884][root][INFO] - Fold 1, Epoch 99, Train Loss: 0.0007224066288299149,                   Val Loss: 0.0009149198206917694, Test Loss: 0.00335146754514426
[2024-02-26 04:34:47,335][root][INFO] - Fold 1, Epoch 100, Train Loss: 0.0007169781893026084,                   Val Loss: 0.0009115602782306572, Test Loss: 0.0035748647448296347
[2024-02-26 04:34:47,349][root][INFO] - Model checkpoint for fold 1 saved at /workspaces/edd/outputs/2024-02-26/04-20-33/model_fold_1_epoch_100.pth
[2024-02-26 04:34:47,367][root][INFO] - Model for fold 1 saved at /workspaces/edd/outputs/2024-02-26/04-20-33/model_fold_1.pth
[2024-02-26 04:34:51,745][root][INFO] - Starting fold 2
[2024-02-26 04:34:51,747][root][INFO] - Fold 2: Training set size: 1320, Validation set size: 330
[2024-02-26 04:35:10,347][root][INFO] - Fold 2, Epoch 1, Train Loss: 0.035884800677498184,                   Val Loss: 0.027764425923426945, Test Loss: 0.04338224915166696
[2024-02-26 04:35:18,642][root][INFO] - Fold 2, Epoch 2, Train Loss: 0.02232794685377961,                   Val Loss: 0.02027951693162322, Test Loss: 0.02576401208837827
[2024-02-26 04:35:26,960][root][INFO] - Fold 2, Epoch 3, Train Loss: 0.01667924996997629,                   Val Loss: 0.016424828829864662, Test Loss: 0.01872755742321412
[2024-02-26 04:35:35,272][root][INFO] - Fold 2, Epoch 4, Train Loss: 0.013718944663802782,                   Val Loss: 0.014357842039316893, Test Loss: 0.01643648495276769
[2024-02-26 04:35:43,597][root][INFO] - Fold 2, Epoch 5, Train Loss: 0.012028974525275685,                   Val Loss: 0.013145939835036794, Test Loss: 0.014780775643885136
[2024-02-26 04:35:51,922][root][INFO] - Fold 2, Epoch 6, Train Loss: 0.010923376883424464,                   Val Loss: 0.012243244253719846, Test Loss: 0.013768392925461134
[2024-02-26 04:36:00,230][root][INFO] - Fold 2, Epoch 7, Train Loss: 0.00999676234399279,                   Val Loss: 0.011458765249699354, Test Loss: 0.013131466694176197
[2024-02-26 04:36:08,515][root][INFO] - Fold 2, Epoch 8, Train Loss: 0.009258343505540065,                   Val Loss: 0.010711114310349027, Test Loss: 0.01259991309295098
[2024-02-26 04:36:16,808][root][INFO] - Fold 2, Epoch 9, Train Loss: 0.008538690839140188,                   Val Loss: 0.01002822071313858, Test Loss: 0.012064919186135134
[2024-02-26 04:36:25,130][root][INFO] - Fold 2, Epoch 10, Train Loss: 0.00794553617015481,                   Val Loss: 0.00943019955108563, Test Loss: 0.011902878992259502
[2024-02-26 04:36:33,446][root][INFO] - Fold 2, Epoch 11, Train Loss: 0.0073660919886259805,                   Val Loss: 0.00889608939178288, Test Loss: 0.010689370955030123
[2024-02-26 04:36:41,755][root][INFO] - Fold 2, Epoch 12, Train Loss: 0.006783421838744765,                   Val Loss: 0.008439306557799378, Test Loss: 0.010378175259878239
[2024-02-26 04:36:50,057][root][INFO] - Fold 2, Epoch 13, Train Loss: 0.00634465515170069,                   Val Loss: 0.008016586070880294, Test Loss: 0.00978292835255464
[2024-02-26 04:36:58,363][root][INFO] - Fold 2, Epoch 14, Train Loss: 0.0059128135797523315,                   Val Loss: 0.007646849068502585, Test Loss: 0.009253776477028927
[2024-02-26 04:37:06,677][root][INFO] - Fold 2, Epoch 15, Train Loss: 0.005574249562674335,                   Val Loss: 0.007273897683868806, Test Loss: 0.009161208756268024
[2024-02-26 04:37:14,998][root][INFO] - Fold 2, Epoch 16, Train Loss: 0.005104053865319916,                   Val Loss: 0.0068923322251066566, Test Loss: 0.008079842974742254
[2024-02-26 04:37:23,297][root][INFO] - Fold 2, Epoch 17, Train Loss: 0.004745524221410354,                   Val Loss: 0.0065563032403588295, Test Loss: 0.008273620624095201
[2024-02-26 04:37:31,610][root][INFO] - Fold 2, Epoch 18, Train Loss: 0.004346138187905862,                   Val Loss: 0.0061813298768053455, Test Loss: 0.007295900334914525
[2024-02-26 04:37:39,905][root][INFO] - Fold 2, Epoch 19, Train Loss: 0.004022510422925864,                   Val Loss: 0.005868152249604464, Test Loss: 0.00686295082171758
[2024-02-26 04:37:48,203][root][INFO] - Fold 2, Epoch 20, Train Loss: 0.0036407876094537123,                   Val Loss: 0.005604102819537123, Test Loss: 0.0066940984688699245
[2024-02-26 04:37:56,505][root][INFO] - Fold 2, Epoch 21, Train Loss: 0.0033516291795032366,                   Val Loss: 0.0053239815557996435, Test Loss: 0.006197779284169276
[2024-02-26 04:38:04,852][root][INFO] - Fold 2, Epoch 22, Train Loss: 0.0031531845175084613,                   Val Loss: 0.005117294339773555, Test Loss: 0.005817200678090255
[2024-02-26 04:38:13,171][root][INFO] - Fold 2, Epoch 23, Train Loss: 0.003051391248369501,                   Val Loss: 0.00492569610166053, Test Loss: 0.0055848765186965466
[2024-02-26 04:38:21,447][root][INFO] - Fold 2, Epoch 24, Train Loss: 0.002741964927519716,                   Val Loss: 0.004779961852667232, Test Loss: 0.005274976836517453
[2024-02-26 04:38:29,785][root][INFO] - Fold 2, Epoch 25, Train Loss: 0.0025676449904927894,                   Val Loss: 0.004639329796191305, Test Loss: 0.005127637879922986
[2024-02-26 04:38:38,126][root][INFO] - Fold 2, Epoch 26, Train Loss: 0.0024173008943242686,                   Val Loss: 0.004503683070652187, Test Loss: 0.004753732355311513
[2024-02-26 04:38:46,452][root][INFO] - Fold 2, Epoch 27, Train Loss: 0.0023037666077947334,                   Val Loss: 0.004391391451160113, Test Loss: 0.004599098892261584
[2024-02-26 04:38:54,783][root][INFO] - Fold 2, Epoch 28, Train Loss: 0.00218268675130925,                   Val Loss: 0.00429919558033968, Test Loss: 0.004446759043882291
[2024-02-26 04:39:03,118][root][INFO] - Fold 2, Epoch 29, Train Loss: 0.002087563625536859,                   Val Loss: 0.004219218060219039, Test Loss: 0.004278188493723671
[2024-02-26 04:39:11,432][root][INFO] - Fold 2, Epoch 30, Train Loss: 0.0020083448284172584,                   Val Loss: 0.00416185351787135, Test Loss: 0.004330083106954892
[2024-02-26 04:39:19,751][root][INFO] - Fold 2, Epoch 31, Train Loss: 0.00196001799001048,                   Val Loss: 0.004081968625541776, Test Loss: 0.0040871254944552975
[2024-02-26 04:39:28,061][root][INFO] - Fold 2, Epoch 32, Train Loss: 0.0018635494911688425,                   Val Loss: 0.004024801368359476, Test Loss: 0.0039831857817868395
[2024-02-26 04:39:36,391][root][INFO] - Fold 2, Epoch 33, Train Loss: 0.0017916333994695119,                   Val Loss: 0.003975467969818662, Test Loss: 0.003962068197627862
[2024-02-26 04:39:44,691][root][INFO] - Fold 2, Epoch 34, Train Loss: 0.0017388935721967193,                   Val Loss: 0.003934826236218214, Test Loss: 0.0038377786986529827
[2024-02-26 04:39:52,988][root][INFO] - Fold 2, Epoch 35, Train Loss: 0.0017101200619002892,                   Val Loss: 0.0038775038944246867, Test Loss: 0.003790603174517552
[2024-02-26 04:40:01,277][root][INFO] - Fold 2, Epoch 36, Train Loss: 0.0016655375393817113,                   Val Loss: 0.0038347242128414414, Test Loss: 0.0036945976316928864
[2024-02-26 04:40:09,579][root][INFO] - Fold 2, Epoch 37, Train Loss: 0.001652964814898691,                   Val Loss: 0.0037954471772536635, Test Loss: 0.003679912226895491
[2024-02-26 04:40:17,894][root][INFO] - Fold 2, Epoch 38, Train Loss: 0.0015859765505107741,                   Val Loss: 0.0037567834951914847, Test Loss: 0.003571690913910667
[2024-02-26 04:40:26,194][root][INFO] - Fold 2, Epoch 39, Train Loss: 0.001538795103052897,                   Val Loss: 0.0037204286394019923, Test Loss: 0.0035563040679941573
[2024-02-26 04:40:34,507][root][INFO] - Fold 2, Epoch 40, Train Loss: 0.001534227464747216,                   Val Loss: 0.003693792677950114, Test Loss: 0.003498491831123829
[2024-02-26 04:40:42,785][root][INFO] - Fold 2, Epoch 41, Train Loss: 0.0014592753446084402,                   Val Loss: 0.0036587403737939894, Test Loss: 0.003462606885780891
[2024-02-26 04:40:51,096][root][INFO] - Fold 2, Epoch 42, Train Loss: 0.0014256014560704074,                   Val Loss: 0.003624570652997742, Test Loss: 0.0033776893202836313
[2024-02-26 04:40:59,418][root][INFO] - Fold 2, Epoch 43, Train Loss: 0.0013947544364436041,                   Val Loss: 0.0036005351576022804, Test Loss: 0.003422680039269229
[2024-02-26 04:41:07,731][root][INFO] - Fold 2, Epoch 44, Train Loss: 0.0013917227209146535,                   Val Loss: 0.003578931490968292, Test Loss: 0.003374729809972147
[2024-02-26 04:41:16,027][root][INFO] - Fold 2, Epoch 45, Train Loss: 0.0013351301313377917,                   Val Loss: 0.003539117480007311, Test Loss: 0.0032531814261650047
[2024-02-26 04:41:24,322][root][INFO] - Fold 2, Epoch 46, Train Loss: 0.0013155538998987702,                   Val Loss: 0.0035288949632861963, Test Loss: 0.0032920512603595853
[2024-02-26 04:41:32,678][root][INFO] - Fold 2, Epoch 47, Train Loss: 0.0012892407664496983,                   Val Loss: 0.003494905812355379, Test Loss: 0.003321186794588963
[2024-02-26 04:41:40,995][root][INFO] - Fold 2, Epoch 48, Train Loss: 0.0012628084237110756,                   Val Loss: 0.003471256592699016, Test Loss: 0.0031986215617507696
[2024-02-26 04:41:49,325][root][INFO] - Fold 2, Epoch 49, Train Loss: 0.0012291143703762266,                   Val Loss: 0.0034477526787668467, Test Loss: 0.0031848124150807657
[2024-02-26 04:41:57,687][root][INFO] - Fold 2, Epoch 50, Train Loss: 0.0012577333725944516,                   Val Loss: 0.0034174276515841484, Test Loss: 0.0030844599241390824
[2024-02-26 04:41:57,700][root][INFO] - Model checkpoint for fold 2 saved at /workspaces/edd/outputs/2024-02-26/04-20-33/model_fold_2_epoch_50.pth
[2024-02-26 04:42:06,058][root][INFO] - Fold 2, Epoch 51, Train Loss: 0.0011716890315126096,                   Val Loss: 0.0034009839970773705, Test Loss: 0.003181133302859962
[2024-02-26 04:42:14,399][root][INFO] - Fold 2, Epoch 52, Train Loss: 0.0011573215569591238,                   Val Loss: 0.0033795961256449423, Test Loss: 0.003141877668288847
[2024-02-26 04:42:22,745][root][INFO] - Fold 2, Epoch 53, Train Loss: 0.0011332254923347915,                   Val Loss: 0.0033619992803627006, Test Loss: 0.0031090342284490666
[2024-02-26 04:42:31,085][root][INFO] - Fold 2, Epoch 54, Train Loss: 0.0011061317525759694,                   Val Loss: 0.003333223517984152, Test Loss: 0.0030678629021470747
[2024-02-26 04:42:39,423][root][INFO] - Fold 2, Epoch 55, Train Loss: 0.001102296117183176,                   Val Loss: 0.003317695838632062, Test Loss: 0.0030527214597289762
[2024-02-26 04:42:47,772][root][INFO] - Fold 2, Epoch 56, Train Loss: 0.0010648885037794354,                   Val Loss: 0.003293305548140779, Test Loss: 0.0030101440691699586
[2024-02-26 04:42:56,144][root][INFO] - Fold 2, Epoch 57, Train Loss: 0.0010475815811549268,                   Val Loss: 0.003278618707554415, Test Loss: 0.00303202533784012
[2024-02-26 04:43:04,496][root][INFO] - Fold 2, Epoch 58, Train Loss: 0.0010328687328313077,                   Val Loss: 0.0032569643711516014, Test Loss: 0.0029976797911028066
[2024-02-26 04:43:12,799][root][INFO] - Fold 2, Epoch 59, Train Loss: 0.0010213841312742304,                   Val Loss: 0.0032416815714289746, Test Loss: 0.0029500447756921253
[2024-02-26 04:43:21,188][root][INFO] - Fold 2, Epoch 60, Train Loss: 0.000989370826920051,                   Val Loss: 0.0032223767484538257, Test Loss: 0.002987587203582128
[2024-02-26 04:43:29,578][root][INFO] - Fold 2, Epoch 61, Train Loss: 0.0009697225288532319,                   Val Loss: 0.003204262669896707, Test Loss: 0.0029647426369289556
[2024-02-26 04:43:37,994][root][INFO] - Fold 2, Epoch 62, Train Loss: 0.0009503482502796466,                   Val Loss: 0.0031848675668394812, Test Loss: 0.0029401214172442756
[2024-02-26 04:43:46,389][root][INFO] - Fold 2, Epoch 63, Train Loss: 0.0009509428692538114,                   Val Loss: 0.0031734143073360124, Test Loss: 0.002929721803714832
[2024-02-26 04:43:54,761][root][INFO] - Fold 2, Epoch 64, Train Loss: 0.0009272741098400383,                   Val Loss: 0.00315609797447299, Test Loss: 0.002952261439835032
[2024-02-26 04:44:03,123][root][INFO] - Fold 2, Epoch 65, Train Loss: 0.0009152122545943019,                   Val Loss: 0.003136767122972136, Test Loss: 0.002931640405828754
[2024-02-26 04:44:11,496][root][INFO] - Fold 2, Epoch 66, Train Loss: 0.0008935016480141453,                   Val Loss: 0.0031390043053155146, Test Loss: 0.002900721078428129
[2024-02-26 04:44:19,904][root][INFO] - Fold 2, Epoch 67, Train Loss: 0.0009288027039950802,                   Val Loss: 0.003114935214398429, Test Loss: 0.002865584062722822
[2024-02-26 04:44:28,280][root][INFO] - Fold 2, Epoch 68, Train Loss: 0.0008809221908450127,                   Val Loss: 0.0031082075050411126, Test Loss: 0.002943335799500346
[2024-02-26 04:44:36,644][root][INFO] - Fold 2, Epoch 69, Train Loss: 0.0008697902307003027,                   Val Loss: 0.00309471832588315, Test Loss: 0.0028963995864614844
[2024-02-26 04:44:45,019][root][INFO] - Fold 2, Epoch 70, Train Loss: 0.0008484065183438361,                   Val Loss: 0.0030788427587443343, Test Loss: 0.0028503512342770896
[2024-02-26 04:44:53,390][root][INFO] - Fold 2, Epoch 71, Train Loss: 0.0008418705602664323,                   Val Loss: 0.0030624456703662872, Test Loss: 0.0028558517418180904
[2024-02-26 04:45:01,757][root][INFO] - Fold 2, Epoch 72, Train Loss: 0.0008299690615829258,                   Val Loss: 0.003055185516132042, Test Loss: 0.0028867466608062387
[2024-02-26 04:45:10,107][root][INFO] - Fold 2, Epoch 73, Train Loss: 0.0008567877036208907,                   Val Loss: 0.0030442689118596413, Test Loss: 0.0028146904272337756
[2024-02-26 04:45:18,449][root][INFO] - Fold 2, Epoch 74, Train Loss: 0.0008106910945138051,                   Val Loss: 0.003029572282684967, Test Loss: 0.002842556918039918
[2024-02-26 04:45:26,806][root][INFO] - Fold 2, Epoch 75, Train Loss: 0.0007962128258354607,                   Val Loss: 0.003015432613513743, Test Loss: 0.00277464312966913
[2024-02-26 04:45:35,159][root][INFO] - Fold 2, Epoch 76, Train Loss: 0.000783233849298475,                   Val Loss: 0.003008052153745666, Test Loss: 0.0027914194700618586
[2024-02-26 04:45:43,521][root][INFO] - Fold 2, Epoch 77, Train Loss: 0.0007796519840624006,                   Val Loss: 0.0029957703955005854, Test Loss: 0.002785071381367743
[2024-02-26 04:45:51,884][root][INFO] - Fold 2, Epoch 78, Train Loss: 0.0007695521081110374,                   Val Loss: 0.0029999532465202114, Test Loss: 0.00275126980462422
[2024-02-26 04:46:00,263][root][INFO] - Fold 2, Epoch 79, Train Loss: 0.0007600160883850462,                   Val Loss: 0.002982888302843397, Test Loss: 0.0027519975944111743
[2024-02-26 04:46:08,679][root][INFO] - Fold 2, Epoch 80, Train Loss: 0.0007516612684065919,                   Val Loss: 0.002974835680409645, Test Loss: 0.0027610637868444123
[2024-02-26 04:46:17,160][root][INFO] - Fold 2, Epoch 81, Train Loss: 0.0007500883532754545,                   Val Loss: 0.002961175477442642, Test Loss: 0.002739222642655174
[2024-02-26 04:46:25,624][root][INFO] - Fold 2, Epoch 82, Train Loss: 0.0007388083086836906,                   Val Loss: 0.00295419762066255, Test Loss: 0.00277377269230783
[2024-02-26 04:46:34,081][root][INFO] - Fold 2, Epoch 83, Train Loss: 0.0007264001649760065,                   Val Loss: 0.0029465203503301987, Test Loss: 0.002691391583842536
[2024-02-26 04:46:42,511][root][INFO] - Fold 2, Epoch 84, Train Loss: 0.0007150930108591204,                   Val Loss: 0.00294191610494939, Test Loss: 0.0027524693481003246
[2024-02-26 04:46:50,928][root][INFO] - Fold 2, Epoch 85, Train Loss: 0.0007102201398949893,                   Val Loss: 0.0029353542486205697, Test Loss: 0.002716028830036521
[2024-02-26 04:46:59,348][root][INFO] - Fold 2, Epoch 86, Train Loss: 0.0007251762269463922,                   Val Loss: 0.0029305002050629505, Test Loss: 0.0028682579674447575
[2024-02-26 04:47:07,748][root][INFO] - Fold 2, Epoch 87, Train Loss: 0.000707602459615806,                   Val Loss: 0.0029329011934654168, Test Loss: 0.0027835842920467257
[2024-02-26 04:47:16,150][root][INFO] - Fold 2, Epoch 88, Train Loss: 0.0006953292495814995,                   Val Loss: 0.002918950776802376, Test Loss: 0.0026499073331554732
[2024-02-26 04:47:24,573][root][INFO] - Fold 2, Epoch 89, Train Loss: 0.0006895876514525818,                   Val Loss: 0.0029076035716570914, Test Loss: 0.0026362147570277252
[2024-02-26 04:47:33,043][root][INFO] - Fold 2, Epoch 90, Train Loss: 0.0006691621258921389,                   Val Loss: 0.0028966007327350476, Test Loss: 0.002709365372235576
[2024-02-26 04:47:41,493][root][INFO] - Fold 2, Epoch 91, Train Loss: 0.0006707503482522,                   Val Loss: 0.0028955633849060782, Test Loss: 0.002618144809578856
[2024-02-26 04:47:49,998][root][INFO] - Fold 2, Epoch 92, Train Loss: 0.0006590606048814065,                   Val Loss: 0.002893286592249448, Test Loss: 0.002631931216455996
[2024-02-26 04:47:58,468][root][INFO] - Fold 2, Epoch 93, Train Loss: 0.0006489870498799497,                   Val Loss: 0.002882016725682964, Test Loss: 0.0026474717305973172
[2024-02-26 04:48:06,899][root][INFO] - Fold 2, Epoch 94, Train Loss: 0.000645842335264509,                   Val Loss: 0.002871299492350469, Test Loss: 0.002649205348764857
[2024-02-26 04:48:15,427][root][INFO] - Fold 2, Epoch 95, Train Loss: 0.0006331948042359381,                   Val Loss: 0.002863757215285053, Test Loss: 0.0026079994859173894
[2024-02-26 04:48:23,973][root][INFO] - Fold 2, Epoch 96, Train Loss: 0.0006326770124446956,                   Val Loss: 0.002856447633045415, Test Loss: 0.0026188428746536374
[2024-02-26 04:48:32,508][root][INFO] - Fold 2, Epoch 97, Train Loss: 0.0006253349350854045,                   Val Loss: 0.0028536567794314274, Test Loss: 0.002628769880781571
[2024-02-26 04:48:41,033][root][INFO] - Fold 2, Epoch 98, Train Loss: 0.0006290698296479171,                   Val Loss: 0.0028535075446901224, Test Loss: 0.0026406587179129324
[2024-02-26 04:48:49,563][root][INFO] - Fold 2, Epoch 99, Train Loss: 0.0006358606776865642,                   Val Loss: 0.0028799475306489817, Test Loss: 0.0026872106439744434
[2024-02-26 04:48:58,078][root][INFO] - Fold 2, Epoch 100, Train Loss: 0.000626284333910527,                   Val Loss: 0.002841743204044178, Test Loss: 0.0026025405386462808
[2024-02-26 04:48:58,095][root][INFO] - Model checkpoint for fold 2 saved at /workspaces/edd/outputs/2024-02-26/04-20-33/model_fold_2_epoch_100.pth
[2024-02-26 04:48:58,108][root][INFO] - Model for fold 2 saved at /workspaces/edd/outputs/2024-02-26/04-20-33/model_fold_2.pth
[2024-02-26 04:49:01,986][root][INFO] - Starting fold 3
[2024-02-26 04:49:01,988][root][INFO] - Fold 3: Training set size: 1320, Validation set size: 330
[2024-02-26 04:49:20,924][root][INFO] - Fold 3, Epoch 1, Train Loss: 0.05736169715722402,                   Val Loss: 0.03494515952964624, Test Loss: 0.056351277977228165
[2024-02-26 04:49:29,478][root][INFO] - Fold 3, Epoch 2, Train Loss: 0.028608240630655063,                   Val Loss: 0.025539463696380455, Test Loss: 0.039805641397833824
[2024-02-26 04:49:37,947][root][INFO] - Fold 3, Epoch 3, Train Loss: 0.02212875513803391,                   Val Loss: 0.021025038013855617, Test Loss: 0.031766537576913834
[2024-02-26 04:49:46,369][root][INFO] - Fold 3, Epoch 4, Train Loss: 0.018365905398414248,                   Val Loss: 0.018093448753158253, Test Loss: 0.027104688808321953
[2024-02-26 04:49:54,796][root][INFO] - Fold 3, Epoch 5, Train Loss: 0.01601901872172242,                   Val Loss: 0.01614234937975804, Test Loss: 0.023316424960891407
[2024-02-26 04:50:03,265][root][INFO] - Fold 3, Epoch 6, Train Loss: 0.014377917384817487,                   Val Loss: 0.0147541972498099, Test Loss: 0.02097838216771682
[2024-02-26 04:50:11,649][root][INFO] - Fold 3, Epoch 7, Train Loss: 0.013223339138286454,                   Val Loss: 0.013772442936897278, Test Loss: 0.019321342930197716
[2024-02-26 04:50:20,031][root][INFO] - Fold 3, Epoch 8, Train Loss: 0.012294148183649494,                   Val Loss: 0.012968586136897406, Test Loss: 0.01786856570591529
[2024-02-26 04:50:28,436][root][INFO] - Fold 3, Epoch 9, Train Loss: 0.011525041379389308,                   Val Loss: 0.012298665785541138, Test Loss: 0.017008652910590172
[2024-02-26 04:50:36,858][root][INFO] - Fold 3, Epoch 10, Train Loss: 0.010908379529913267,                   Val Loss: 0.01168684164683024, Test Loss: 0.01592014419535796
[2024-02-26 04:50:45,284][root][INFO] - Fold 3, Epoch 11, Train Loss: 0.010369246958621911,                   Val Loss: 0.011132514957959453, Test Loss: 0.015188644640147686
[2024-02-26 04:50:53,641][root][INFO] - Fold 3, Epoch 12, Train Loss: 0.009784315867970387,                   Val Loss: 0.01062712570031484, Test Loss: 0.014556203968822956
[2024-02-26 04:51:02,001][root][INFO] - Fold 3, Epoch 13, Train Loss: 0.009293481286260345,                   Val Loss: 0.010134874377399683, Test Loss: 0.013833697264393171
[2024-02-26 04:51:10,389][root][INFO] - Fold 3, Epoch 14, Train Loss: 0.008795035315588826,                   Val Loss: 0.009645728316778937, Test Loss: 0.01336243562400341
[2024-02-26 04:51:18,742][root][INFO] - Fold 3, Epoch 15, Train Loss: 0.008424847031987849,                   Val Loss: 0.009205560199916363, Test Loss: 0.012738277514775595
[2024-02-26 04:51:27,139][root][INFO] - Fold 3, Epoch 16, Train Loss: 0.007971993048808404,                   Val Loss: 0.008750032478322586, Test Loss: 0.012119317116836706
[2024-02-26 04:51:35,539][root][INFO] - Fold 3, Epoch 17, Train Loss: 0.007553111074403638,                   Val Loss: 0.008300908608362079, Test Loss: 0.011637930447856585
[2024-02-26 04:51:43,966][root][INFO] - Fold 3, Epoch 18, Train Loss: 0.007086016614699648,                   Val Loss: 0.007867400534451008, Test Loss: 0.01120651668558518
[2024-02-26 04:51:52,373][root][INFO] - Fold 3, Epoch 19, Train Loss: 0.006691235450229475,                   Val Loss: 0.007449401852985223, Test Loss: 0.01068006083369255
[2024-02-26 04:52:00,803][root][INFO] - Fold 3, Epoch 20, Train Loss: 0.006354429393208453,                   Val Loss: 0.0070358088705688715, Test Loss: 0.010123807781686386
[2024-02-26 04:52:09,238][root][INFO] - Fold 3, Epoch 21, Train Loss: 0.0059434254875495324,                   Val Loss: 0.006608384816596906, Test Loss: 0.009649290703237057
[2024-02-26 04:52:17,686][root][INFO] - Fold 3, Epoch 22, Train Loss: 0.005658836447678152,                   Val Loss: 0.006194118255128463, Test Loss: 0.00911746888111035
[2024-02-26 04:52:26,167][root][INFO] - Fold 3, Epoch 23, Train Loss: 0.005273123681988744,                   Val Loss: 0.005798427737317979, Test Loss: 0.008637645902733007
[2024-02-26 04:52:34,611][root][INFO] - Fold 3, Epoch 24, Train Loss: 0.0049698366229200645,                   Val Loss: 0.005430192686617374, Test Loss: 0.008156899207582077
[2024-02-26 04:52:43,018][root][INFO] - Fold 3, Epoch 25, Train Loss: 0.004579408526686686,                   Val Loss: 0.00509197610275199, Test Loss: 0.007763996099432309
[2024-02-26 04:52:51,446][root][INFO] - Fold 3, Epoch 26, Train Loss: 0.004688338975289038,                   Val Loss: 0.004802922058540086, Test Loss: 0.0073691364377737045
[2024-02-26 04:52:59,853][root][INFO] - Fold 3, Epoch 27, Train Loss: 0.0040831664200162605,                   Val Loss: 0.004538452291550736, Test Loss: 0.006999391596764326
[2024-02-26 04:53:08,311][root][INFO] - Fold 3, Epoch 28, Train Loss: 0.003848985114711381,                   Val Loss: 0.004308013051437835, Test Loss: 0.006704728584736586
[2024-02-26 04:53:16,793][root][INFO] - Fold 3, Epoch 29, Train Loss: 0.003714578115336952,                   Val Loss: 0.004107209155336022, Test Loss: 0.0063979945455988245
[2024-02-26 04:53:25,257][root][INFO] - Fold 3, Epoch 30, Train Loss: 0.003438487671138275,                   Val Loss: 0.003936961332025628, Test Loss: 0.0061190630464504165
[2024-02-26 04:53:33,643][root][INFO] - Fold 3, Epoch 31, Train Loss: 0.0032930205066111825,                   Val Loss: 0.003771627244229118, Test Loss: 0.005893915193155408
[2024-02-26 04:53:42,023][root][INFO] - Fold 3, Epoch 32, Train Loss: 0.0031505285629204343,                   Val Loss: 0.003624329809099436, Test Loss: 0.0057001666476329165
[2024-02-26 04:53:50,418][root][INFO] - Fold 3, Epoch 33, Train Loss: 0.003015644160941953,                   Val Loss: 0.003498823808816572, Test Loss: 0.005482005033021172
[2024-02-26 04:53:58,778][root][INFO] - Fold 3, Epoch 34, Train Loss: 0.002899949571916035,                   Val Loss: 0.00337988359387964, Test Loss: 0.005284619440014164
[2024-02-26 04:54:07,223][root][INFO] - Fold 3, Epoch 35, Train Loss: 0.0028391080586949273,                   Val Loss: 0.0032783433562144637, Test Loss: 0.0051336404867470264
[2024-02-26 04:54:15,683][root][INFO] - Fold 3, Epoch 36, Train Loss: 0.002728090793382199,                   Val Loss: 0.003190187271684408, Test Loss: 0.004982839183260997
[2024-02-26 04:54:24,142][root][INFO] - Fold 3, Epoch 37, Train Loss: 0.002627866071028014,                   Val Loss: 0.0031116275349631906, Test Loss: 0.004872338923936089
[2024-02-26 04:54:32,609][root][INFO] - Fold 3, Epoch 38, Train Loss: 0.0025742972557920786,                   Val Loss: 0.0030395483093646667, Test Loss: 0.004733687654758493
[2024-02-26 04:54:41,057][root][INFO] - Fold 3, Epoch 39, Train Loss: 0.0025184843910946732,                   Val Loss: 0.002978964999783784, Test Loss: 0.0046378277863065405
[2024-02-26 04:54:49,483][root][INFO] - Fold 3, Epoch 40, Train Loss: 0.0024238338006571645,                   Val Loss: 0.00291898629317681, Test Loss: 0.004525577106202642
[2024-02-26 04:54:57,901][root][INFO] - Fold 3, Epoch 41, Train Loss: 0.0023718292747313776,                   Val Loss: 0.0028710466964791217, Test Loss: 0.004425698891282082
[2024-02-26 04:55:06,315][root][INFO] - Fold 3, Epoch 42, Train Loss: 0.0023126815490069844,                   Val Loss: 0.002822673258682092, Test Loss: 0.004367929029588898
[2024-02-26 04:55:14,749][root][INFO] - Fold 3, Epoch 43, Train Loss: 0.0022425450207222077,                   Val Loss: 0.0027817333272347846, Test Loss: 0.004300160566344857
[2024-02-26 04:55:23,189][root][INFO] - Fold 3, Epoch 44, Train Loss: 0.0021852830901653284,                   Val Loss: 0.002741120794477562, Test Loss: 0.004150782556583484
[2024-02-26 04:55:31,647][root][INFO] - Fold 3, Epoch 45, Train Loss: 0.002196574051465307,                   Val Loss: 0.0027061065969367823, Test Loss: 0.004162837052717805
[2024-02-26 04:55:40,160][root][INFO] - Fold 3, Epoch 46, Train Loss: 0.002167625751878534,                   Val Loss: 0.002666993842770656, Test Loss: 0.004103611301009853
[2024-02-26 04:55:48,622][root][INFO] - Fold 3, Epoch 47, Train Loss: 0.002091158774592692,                   Val Loss: 0.002640510928661873, Test Loss: 0.004070119466632605
[2024-02-26 04:55:57,024][root][INFO] - Fold 3, Epoch 48, Train Loss: 0.002344013402415883,                   Val Loss: 0.002605053382770469, Test Loss: 0.004009332663069169
[2024-02-26 04:56:05,321][root][INFO] - Fold 3, Epoch 49, Train Loss: 0.002010536657291509,                   Val Loss: 0.0025864343624562025, Test Loss: 0.003992867190390825
[2024-02-26 04:56:13,608][root][INFO] - Fold 3, Epoch 50, Train Loss: 0.001986175692374153,                   Val Loss: 0.0025547657472391925, Test Loss: 0.003924825849632422
[2024-02-26 04:56:13,619][root][INFO] - Model checkpoint for fold 3 saved at /workspaces/edd/outputs/2024-02-26/04-20-33/model_fold_3_epoch_50.pth
[2024-02-26 04:56:21,910][root][INFO] - Fold 3, Epoch 51, Train Loss: 0.001961782336279395,                   Val Loss: 0.002537574580249687, Test Loss: 0.0039078721310943365
[2024-02-26 04:56:30,300][root][INFO] - Fold 3, Epoch 52, Train Loss: 0.0019251295321044467,                   Val Loss: 0.0025128042519403, Test Loss: 0.003894318671276172
[2024-02-26 04:56:38,633][root][INFO] - Fold 3, Epoch 53, Train Loss: 0.0018881810829043388,                   Val Loss: 0.0024874681451668343, Test Loss: 0.003837958909571171
[2024-02-26 04:56:46,930][root][INFO] - Fold 3, Epoch 54, Train Loss: 0.001855695198866583,                   Val Loss: 0.0024625027047780654, Test Loss: 0.003869243354226152
[2024-02-26 04:56:55,246][root][INFO] - Fold 3, Epoch 55, Train Loss: 0.0018168481266392128,                   Val Loss: 0.0024467745679430664, Test Loss: 0.003795156100143989
[2024-02-26 04:57:03,580][root][INFO] - Fold 3, Epoch 56, Train Loss: 0.0018055724434643274,                   Val Loss: 0.0024277041278158626, Test Loss: 0.0037869008568425975
[2024-02-26 04:57:11,892][root][INFO] - Fold 3, Epoch 57, Train Loss: 0.0017863995744846761,                   Val Loss: 0.002407532282328854, Test Loss: 0.00378481267640988
[2024-02-26 04:57:20,217][root][INFO] - Fold 3, Epoch 58, Train Loss: 0.0017526418419687875,                   Val Loss: 0.002386999122488002, Test Loss: 0.0037350195149580636
[2024-02-26 04:57:28,516][root][INFO] - Fold 3, Epoch 59, Train Loss: 0.00175341070419,                   Val Loss: 0.0023758125219804547, Test Loss: 0.0037122624150166907
[2024-02-26 04:57:36,807][root][INFO] - Fold 3, Epoch 60, Train Loss: 0.0016817402294171707,                   Val Loss: 0.002357920767584195, Test Loss: 0.0037585454992949963
[2024-02-26 04:57:45,094][root][INFO] - Fold 3, Epoch 61, Train Loss: 0.0017091668366144102,                   Val Loss: 0.002339044954472532, Test Loss: 0.00366640230640769
[2024-02-26 04:57:53,394][root][INFO] - Fold 3, Epoch 62, Train Loss: 0.0016600081331229635,                   Val Loss: 0.002320854604477063, Test Loss: 0.0037036780267953873
[2024-02-26 04:58:01,702][root][INFO] - Fold 3, Epoch 63, Train Loss: 0.0016161872134987441,                   Val Loss: 0.002310667186975479, Test Loss: 0.0037236768209065
[2024-02-26 04:58:10,086][root][INFO] - Fold 3, Epoch 64, Train Loss: 0.0015775646426759305,                   Val Loss: 0.0023028833384159952, Test Loss: 0.003740520177719494
[2024-02-26 04:58:18,410][root][INFO] - Fold 3, Epoch 65, Train Loss: 0.0015769922867461684,                   Val Loss: 0.0022867216709225127, Test Loss: 0.0037091977816695967
[2024-02-26 04:58:26,797][root][INFO] - Fold 3, Epoch 66, Train Loss: 0.0015534755186222139,                   Val Loss: 0.0022740169564106814, Test Loss: 0.0037461581329504647
[2024-02-26 04:58:35,118][root][INFO] - Fold 3, Epoch 67, Train Loss: 0.0015359470354659216,                   Val Loss: 0.0022641402320005, Test Loss: 0.003782720615466436
[2024-02-26 04:58:43,391][root][INFO] - Fold 3, Epoch 68, Train Loss: 0.0015274470234068022,                   Val Loss: 0.0022447269002441317, Test Loss: 0.003780477175799509
[2024-02-26 04:58:51,824][root][INFO] - Fold 3, Epoch 69, Train Loss: 0.0014893633086189983,                   Val Loss: 0.0022364489268511534, Test Loss: 0.0037336077463502684
[2024-02-26 04:59:00,293][root][INFO] - Fold 3, Epoch 70, Train Loss: 0.0014242820824230356,                   Val Loss: 0.002225623291451484, Test Loss: 0.00379398240086933
[2024-02-26 04:59:08,705][root][INFO] - Fold 3, Epoch 71, Train Loss: 0.0014467009321032535,                   Val Loss: 0.0022222664847504348, Test Loss: 0.003773726988583803
[2024-02-26 04:59:17,069][root][INFO] - Fold 3, Epoch 72, Train Loss: 0.0014142614672891796,                   Val Loss: 0.002208483036762724, Test Loss: 0.0037842020392417908
[2024-02-26 04:59:25,440][root][INFO] - Fold 3, Epoch 73, Train Loss: 0.0013837376055085943,                   Val Loss: 0.002195853642964115, Test Loss: 0.0037163004356746874
[2024-02-26 04:59:33,800][root][INFO] - Fold 3, Epoch 74, Train Loss: 0.0013697940601213347,                   Val Loss: 0.0021958005866811923, Test Loss: 0.0037685089434186616
[2024-02-26 04:59:42,175][root][INFO] - Fold 3, Epoch 75, Train Loss: 0.0013412655458696896,                   Val Loss: 0.002181359799578786, Test Loss: 0.003817938966676593
[2024-02-26 04:59:50,543][root][INFO] - Fold 3, Epoch 76, Train Loss: 0.0013109962400492457,                   Val Loss: 0.002184170220668117, Test Loss: 0.0038797283777967095
[2024-02-26 04:59:58,885][root][INFO] - Fold 3, Epoch 77, Train Loss: 0.0013431160533357235,                   Val Loss: 0.0021832370839547366, Test Loss: 0.003993876588841279
[2024-02-26 05:00:07,244][root][INFO] - Fold 3, Epoch 78, Train Loss: 0.0012727942029457716,                   Val Loss: 0.0021671098365914077, Test Loss: 0.003949515405111015
[2024-02-26 05:00:15,613][root][INFO] - Fold 3, Epoch 79, Train Loss: 0.0012500745582483,                   Val Loss: 0.0021795789167905846, Test Loss: 0.003820377285592258
[2024-02-26 05:00:23,985][root][INFO] - Fold 3, Epoch 80, Train Loss: 0.0012320895025151827,                   Val Loss: 0.002158205238326142, Test Loss: 0.0041410486834744615
[2024-02-26 05:00:32,358][root][INFO] - Fold 3, Epoch 81, Train Loss: 0.001221738428631354,                   Val Loss: 0.0021514320202792683, Test Loss: 0.0037208051265527806
[2024-02-26 05:00:40,705][root][INFO] - Fold 3, Epoch 82, Train Loss: 0.0011869397851461102,                   Val Loss: 0.002147078514099121, Test Loss: 0.004357102171828349
[2024-02-26 05:00:49,060][root][INFO] - Fold 3, Epoch 83, Train Loss: 0.0011745741358026862,                   Val Loss: 0.0021355960537524274, Test Loss: 0.004215123830363154
[2024-02-26 05:00:57,403][root][INFO] - Fold 3, Epoch 84, Train Loss: 0.0011462275454375362,                   Val Loss: 0.0021466050723878047, Test Loss: 0.003983886757244666
[2024-02-26 05:01:05,769][root][INFO] - Fold 3, Epoch 85, Train Loss: 0.0011245610658079386,                   Val Loss: 0.0021684482344426215, Test Loss: 0.003919025805468361
[2024-02-26 05:01:14,118][root][INFO] - Fold 3, Epoch 86, Train Loss: 0.0011217817470120888,                   Val Loss: 0.002136215412368377, Test Loss: 0.005380150163546205
[2024-02-26 05:01:22,481][root][INFO] - Fold 3, Epoch 87, Train Loss: 0.001212010525965265,                   Val Loss: 0.002140970881252239, Test Loss: 0.003740748002504309
[2024-02-26 05:01:30,840][root][INFO] - Fold 3, Epoch 88, Train Loss: 0.001061932663322382,                   Val Loss: 0.0021351738929903754, Test Loss: 0.004549400104830663
[2024-02-26 05:01:39,211][root][INFO] - Fold 3, Epoch 89, Train Loss: 0.0010380029949980478,                   Val Loss: 0.0021480173357607177, Test Loss: 0.004090305029725035
[2024-02-26 05:01:47,571][root][INFO] - Fold 3, Epoch 90, Train Loss: 0.0010035176999822614,                   Val Loss: 0.002112694288371131, Test Loss: 0.004288233079326649
[2024-02-26 05:01:55,925][root][INFO] - Fold 3, Epoch 91, Train Loss: 0.000989530119113624,                   Val Loss: 0.0021204661461524665, Test Loss: 0.003992378944531083
[2024-02-26 05:02:04,305][root][INFO] - Fold 3, Epoch 92, Train Loss: 0.0009736317803063208,                   Val Loss: 0.0020843637951960168, Test Loss: 0.0041577429898704095
[2024-02-26 05:02:12,663][root][INFO] - Fold 3, Epoch 93, Train Loss: 0.0009541667005535038,                   Val Loss: 0.0021104740153532475, Test Loss: 0.004242956987582147
[2024-02-26 05:02:21,038][root][INFO] - Fold 3, Epoch 94, Train Loss: 0.000928184904512905,                   Val Loss: 0.002091394785869246, Test Loss: 0.004007657058537006
[2024-02-26 05:02:29,397][root][INFO] - Fold 3, Epoch 95, Train Loss: 0.0009206727623850817,                   Val Loss: 0.0020747167776183537, Test Loss: 0.004198062815703452
[2024-02-26 05:02:37,776][root][INFO] - Fold 3, Epoch 96, Train Loss: 0.0009545312800799452,                   Val Loss: 0.0020611723593901843, Test Loss: 0.003990236398143073
[2024-02-26 05:02:46,143][root][INFO] - Fold 3, Epoch 97, Train Loss: 0.0008856452630078863,                   Val Loss: 0.0020754739816766232, Test Loss: 0.0043355538897837205
[2024-02-26 05:02:54,505][root][INFO] - Fold 3, Epoch 98, Train Loss: 0.0008743603747071964,                   Val Loss: 0.0020655708794947714, Test Loss: 0.004190864157862961
[2024-02-26 05:03:02,869][root][INFO] - Fold 3, Epoch 99, Train Loss: 0.0008583686597246144,                   Val Loss: 0.002049839279303948, Test Loss: 0.004170758998952806
[2024-02-26 05:03:11,222][root][INFO] - Fold 3, Epoch 100, Train Loss: 0.0008478656527586281,                   Val Loss: 0.0020427758960674205, Test Loss: 0.003982564512019356
[2024-02-26 05:03:11,236][root][INFO] - Model checkpoint for fold 3 saved at /workspaces/edd/outputs/2024-02-26/04-20-33/model_fold_3_epoch_100.pth
[2024-02-26 05:03:11,249][root][INFO] - Model for fold 3 saved at /workspaces/edd/outputs/2024-02-26/04-20-33/model_fold_3.pth
[2024-02-26 05:03:15,152][root][INFO] - Starting fold 4
[2024-02-26 05:03:15,154][root][INFO] - Fold 4: Training set size: 1320, Validation set size: 330
[2024-02-26 05:03:33,631][root][INFO] - Fold 4, Epoch 1, Train Loss: 0.04171215379167171,                   Val Loss: 0.029905151575803757, Test Loss: 0.04130686012407144
[2024-02-26 05:03:41,995][root][INFO] - Fold 4, Epoch 2, Train Loss: 0.023641106096051988,                   Val Loss: 0.020938868013521034, Test Loss: 0.029045905297001202
[2024-02-26 05:03:50,465][root][INFO] - Fold 4, Epoch 3, Train Loss: 0.01761128655856564,                   Val Loss: 0.01696244052921732, Test Loss: 0.023814355333646137
[2024-02-26 05:03:59,080][root][INFO] - Fold 4, Epoch 4, Train Loss: 0.014811431057751179,                   Val Loss: 0.014712729801734289, Test Loss: 0.020038813973466556
[2024-02-26 05:04:07,560][root][INFO] - Fold 4, Epoch 5, Train Loss: 0.013183923039053167,                   Val Loss: 0.0132842220676442, Test Loss: 0.018026741842428844
[2024-02-26 05:04:15,964][root][INFO] - Fold 4, Epoch 6, Train Loss: 0.012185018376580306,                   Val Loss: 0.012171331948290268, Test Loss: 0.016340491982797783
[2024-02-26 05:04:24,341][root][INFO] - Fold 4, Epoch 7, Train Loss: 0.011268081498287973,                   Val Loss: 0.011272020793209473, Test Loss: 0.01522734792282184
[2024-02-26 05:04:32,697][root][INFO] - Fold 4, Epoch 8, Train Loss: 0.010497228907687324,                   Val Loss: 0.010468233920012912, Test Loss: 0.014007413759827614
[2024-02-26 05:04:41,111][root][INFO] - Fold 4, Epoch 9, Train Loss: 0.009766995818132446,                   Val Loss: 0.009817267845695218, Test Loss: 0.013720660780866941
[2024-02-26 05:04:49,558][root][INFO] - Fold 4, Epoch 10, Train Loss: 0.009238145846341337,                   Val Loss: 0.009184217002863685, Test Loss: 0.013272996370991072
[2024-02-26 05:04:58,080][root][INFO] - Fold 4, Epoch 11, Train Loss: 0.008604800062520164,                   Val Loss: 0.00860365123177568, Test Loss: 0.012717644373575846
[2024-02-26 05:05:06,506][root][INFO] - Fold 4, Epoch 12, Train Loss: 0.007959037509170316,                   Val Loss: 0.008081700808058182, Test Loss: 0.012465792087217173
[2024-02-26 05:05:14,870][root][INFO] - Fold 4, Epoch 13, Train Loss: 0.007435986661307868,                   Val Loss: 0.007575609566022952, Test Loss: 0.012093740825851759
[2024-02-26 05:05:23,317][root][INFO] - Fold 4, Epoch 14, Train Loss: 0.006906031542235897,                   Val Loss: 0.007066302311917146, Test Loss: 0.011269688761482636
[2024-02-26 05:05:31,718][root][INFO] - Fold 4, Epoch 15, Train Loss: 0.006413430618565707,                   Val Loss: 0.006611536334579189, Test Loss: 0.01079322195922335
[2024-02-26 05:05:40,134][root][INFO] - Fold 4, Epoch 16, Train Loss: 0.005949144229470264,                   Val Loss: 0.006152227676163117, Test Loss: 0.01001141577338179
[2024-02-26 05:05:48,529][root][INFO] - Fold 4, Epoch 17, Train Loss: 0.00549890558856229,                   Val Loss: 0.0057226213393732905, Test Loss: 0.009344205570717653
[2024-02-26 05:05:57,026][root][INFO] - Fold 4, Epoch 18, Train Loss: 0.0050948734971739,                   Val Loss: 0.005340449900055925, Test Loss: 0.008776383164028326
[2024-02-26 05:06:05,540][root][INFO] - Fold 4, Epoch 19, Train Loss: 0.004740776128268668,                   Val Loss: 0.004964147849629323, Test Loss: 0.008122689245889584
[2024-02-26 05:06:13,958][root][INFO] - Fold 4, Epoch 20, Train Loss: 0.004441640517186551,                   Val Loss: 0.004636932009210189, Test Loss: 0.007630280839900176
[2024-02-26 05:06:22,344][root][INFO] - Fold 4, Epoch 21, Train Loss: 0.004134432102243106,                   Val Loss: 0.004319955362007022, Test Loss: 0.007196223828941584
[2024-02-26 05:06:30,729][root][INFO] - Fold 4, Epoch 22, Train Loss: 0.0038673684799245427,                   Val Loss: 0.00404503724227349, Test Loss: 0.006857590128978093
[2024-02-26 05:06:39,184][root][INFO] - Fold 4, Epoch 23, Train Loss: 0.0036372019510184017,                   Val Loss: 0.0038099043304100633, Test Loss: 0.006677971687167883
[2024-02-26 05:06:47,605][root][INFO] - Fold 4, Epoch 24, Train Loss: 0.0034862512146078403,                   Val Loss: 0.0035973317765941224, Test Loss: 0.0062265237017224235
[2024-02-26 05:06:56,001][root][INFO] - Fold 4, Epoch 25, Train Loss: 0.003333978277320663,                   Val Loss: 0.0034002626004318395, Test Loss: 0.005898002069443464
[2024-02-26 05:07:04,509][root][INFO] - Fold 4, Epoch 26, Train Loss: 0.0031434776250361686,                   Val Loss: 0.0032359838175276914, Test Loss: 0.005735502655928333
[2024-02-26 05:07:12,974][root][INFO] - Fold 4, Epoch 27, Train Loss: 0.003021468829718374,                   Val Loss: 0.003057540200340251, Test Loss: 0.005396053893491626
[2024-02-26 05:07:21,535][root][INFO] - Fold 4, Epoch 28, Train Loss: 0.0028784368187189102,                   Val Loss: 0.0029261684782492616, Test Loss: 0.005200281273573637
[2024-02-26 05:07:30,096][root][INFO] - Fold 4, Epoch 29, Train Loss: 0.0027152707667223047,                   Val Loss: 0.0027969405443097153, Test Loss: 0.004989458170409004
[2024-02-26 05:07:38,681][root][INFO] - Fold 4, Epoch 30, Train Loss: 0.0026544222464075402,                   Val Loss: 0.0026835788739845157, Test Loss: 0.004772652949516972
[2024-02-26 05:07:47,211][root][INFO] - Fold 4, Epoch 31, Train Loss: 0.002546206537988924,                   Val Loss: 0.0025891337427310646, Test Loss: 0.004651194050287207
[2024-02-26 05:07:55,696][root][INFO] - Fold 4, Epoch 32, Train Loss: 0.002434715301552344,                   Val Loss: 0.002496822193885843, Test Loss: 0.004518262731532256
[2024-02-26 05:08:04,180][root][INFO] - Fold 4, Epoch 33, Train Loss: 0.002429682212615652,                   Val Loss: 0.0024338580939608314, Test Loss: 0.004390162260582049
[2024-02-26 05:08:12,643][root][INFO] - Fold 4, Epoch 34, Train Loss: 0.002302682731256244,                   Val Loss: 0.002361521105437229, Test Loss: 0.004235878819599748
[2024-02-26 05:08:21,043][root][INFO] - Fold 4, Epoch 35, Train Loss: 0.002254711308827003,                   Val Loss: 0.00231045209026585, Test Loss: 0.004223476086432735
[2024-02-26 05:08:29,476][root][INFO] - Fold 4, Epoch 36, Train Loss: 0.00217894501318889,                   Val Loss: 0.0022711411390143135, Test Loss: 0.00415008111546437
[2024-02-26 05:08:37,948][root][INFO] - Fold 4, Epoch 37, Train Loss: 0.002125178624521054,                   Val Loss: 0.0022266857946912446, Test Loss: 0.0040684313668559
[2024-02-26 05:08:46,346][root][INFO] - Fold 4, Epoch 38, Train Loss: 0.0020741697267762254,                   Val Loss: 0.002204703186483433, Test Loss: 0.00406207834991316
[2024-02-26 05:08:54,767][root][INFO] - Fold 4, Epoch 39, Train Loss: 0.0020130837302921073,                   Val Loss: 0.0021556922583840787, Test Loss: 0.003935669781640172
[2024-02-26 05:09:03,233][root][INFO] - Fold 4, Epoch 40, Train Loss: 0.002089974578536515,                   Val Loss: 0.0021595440339297056, Test Loss: 0.003961537188539903
[2024-02-26 05:09:12,006][root][INFO] - Fold 4, Epoch 41, Train Loss: 0.0019190342032483646,                   Val Loss: 0.0021531759023976824, Test Loss: 0.003999286952118079
[2024-02-26 05:09:20,860][root][INFO] - Fold 4, Epoch 42, Train Loss: 0.0018631181557707134,                   Val Loss: 0.0021339618445684514, Test Loss: 0.003943895843500893
[2024-02-26 05:09:29,683][root][INFO] - Fold 4, Epoch 43, Train Loss: 0.0018267407043216128,                   Val Loss: 0.00215534483625864, Test Loss: 0.004041089133049051
[2024-02-26 05:09:38,537][root][INFO] - Fold 4, Epoch 44, Train Loss: 0.0017926751890973676,                   Val Loss: 0.0021647358080372214, Test Loss: 0.004038216779008508
[2024-02-26 05:09:47,397][root][INFO] - Fold 4, Epoch 45, Train Loss: 0.001742176029698125,                   Val Loss: 0.002176645095460117, Test Loss: 0.004051537563403447
[2024-02-26 05:09:56,224][root][INFO] - Fold 4, Epoch 46, Train Loss: 0.001686539514810734,                   Val Loss: 0.002158729825168848, Test Loss: 0.004020422697067261
[2024-02-26 05:10:05,001][root][INFO] - Fold 4, Epoch 47, Train Loss: 0.0016503720738304157,                   Val Loss: 0.0021996050296972194, Test Loss: 0.004066709351415436
[2024-02-26 05:10:13,854][root][INFO] - Fold 4, Epoch 48, Train Loss: 0.0016223462714281464,                   Val Loss: 0.0022778780354807773, Test Loss: 0.004281304078176618
[2024-02-26 05:10:22,632][root][INFO] - Fold 4, Epoch 49, Train Loss: 0.001608256696878622,                   Val Loss: 0.0023385811364278197, Test Loss: 0.004349419691910346
[2024-02-26 05:10:31,480][root][INFO] - Fold 4, Epoch 50, Train Loss: 0.0015366979558686061,                   Val Loss: 0.0023536458417462804, Test Loss: 0.004422358237206936
[2024-02-26 05:10:31,494][root][INFO] - Model checkpoint for fold 4 saved at /workspaces/edd/outputs/2024-02-26/04-20-33/model_fold_4_epoch_50.pth
[2024-02-26 05:10:40,317][root][INFO] - Fold 4, Epoch 51, Train Loss: 0.0015234189978357228,                   Val Loss: 0.0024366289920484028, Test Loss: 0.004420137731358409
[2024-02-26 05:10:49,124][root][INFO] - Fold 4, Epoch 52, Train Loss: 0.0014407096286526038,                   Val Loss: 0.002520715817809105, Test Loss: 0.004586427705362439
[2024-02-26 05:10:58,014][root][INFO] - Fold 4, Epoch 53, Train Loss: 0.0014261775844109554,                   Val Loss: 0.002577942272182554, Test Loss: 0.004642428286994497
[2024-02-26 05:11:06,948][root][INFO] - Fold 4, Epoch 54, Train Loss: 0.001367760032215821,                   Val Loss: 0.002704321736625085, Test Loss: 0.0046332282945513725
[2024-02-26 05:11:15,692][root][INFO] - Fold 4, Epoch 55, Train Loss: 0.0013344091712497175,                   Val Loss: 0.002575975280099859, Test Loss: 0.004599448371057709
[2024-02-26 05:11:24,534][root][INFO] - Fold 4, Epoch 56, Train Loss: 0.0012937271191428106,                   Val Loss: 0.002892402078335484, Test Loss: 0.005063591757789254
[2024-02-26 05:11:33,360][root][INFO] - Fold 4, Epoch 57, Train Loss: 0.0013892355491407216,                   Val Loss: 0.0027660303361093006, Test Loss: 0.0047693894399950905
[2024-02-26 05:11:42,176][root][INFO] - Fold 4, Epoch 58, Train Loss: 0.0012187438024695786,                   Val Loss: 0.0033619981453133128, Test Loss: 0.005567207001149654
[2024-02-26 05:11:51,075][root][INFO] - Fold 4, Epoch 59, Train Loss: 0.001153200033253857,                   Val Loss: 0.0034776946219305196, Test Loss: 0.005772339024891456
[2024-02-26 05:11:59,983][root][INFO] - Fold 4, Epoch 60, Train Loss: 0.0011450079452645565,                   Val Loss: 0.0031304580625146627, Test Loss: 0.005249583628028631
[2024-02-26 05:12:08,841][root][INFO] - Fold 4, Epoch 61, Train Loss: 0.0011084531988239004,                   Val Loss: 0.0035396273403118053, Test Loss: 0.005660530179738998
[2024-02-26 05:12:17,876][root][INFO] - Fold 4, Epoch 62, Train Loss: 0.0010906837498103933,                   Val Loss: 0.003084652630301813, Test Loss: 0.005913294308508436
[2024-02-26 05:12:26,863][root][INFO] - Fold 4, Epoch 63, Train Loss: 0.0010695597822112696,                   Val Loss: 0.004482353377776842, Test Loss: 0.006619598328446348
[2024-02-26 05:12:35,821][root][INFO] - Fold 4, Epoch 64, Train Loss: 0.0010431833576322312,                   Val Loss: 0.0034472464273373284, Test Loss: 0.005574474111199379
[2024-02-26 05:12:44,700][root][INFO] - Fold 4, Epoch 65, Train Loss: 0.0010325385401734994,                   Val Loss: 0.0037462112377397716, Test Loss: 0.0057641010110576945
[2024-02-26 05:12:53,548][root][INFO] - Fold 4, Epoch 66, Train Loss: 0.0010031972778961062,                   Val Loss: 0.00398436258547008, Test Loss: 0.006912825629115105
[2024-02-26 05:13:02,520][root][INFO] - Fold 4, Epoch 67, Train Loss: 0.001003065318357022,                   Val Loss: 0.003236120353297641, Test Loss: 0.005085584629947941
[2024-02-26 05:13:11,378][root][INFO] - Fold 4, Epoch 68, Train Loss: 0.0009750994559865267,                   Val Loss: 0.004324185467946033, Test Loss: 0.005407474081342419
[2024-02-26 05:13:20,282][root][INFO] - Fold 4, Epoch 69, Train Loss: 0.0009452487713479925,                   Val Loss: 0.003529221925418824, Test Loss: 0.005120451988962789
[2024-02-26 05:13:29,114][root][INFO] - Fold 4, Epoch 70, Train Loss: 0.000911905236231784,                   Val Loss: 0.00358694097182403, Test Loss: 0.005356617698756357
[2024-02-26 05:13:38,016][root][INFO] - Fold 4, Epoch 71, Train Loss: 0.0008953683676996402,                   Val Loss: 0.004078504804056138, Test Loss: 0.005849752225913107
[2024-02-26 05:13:46,959][root][INFO] - Fold 4, Epoch 72, Train Loss: 0.0008848498968984044,                   Val Loss: 0.0033718670698969313, Test Loss: 0.005343945696949959
[2024-02-26 05:13:55,871][root][INFO] - Fold 4, Epoch 73, Train Loss: 0.0008588555834389158,                   Val Loss: 0.00418304178553323, Test Loss: 0.005831145914271474
[2024-02-26 05:14:04,826][root][INFO] - Fold 4, Epoch 74, Train Loss: 0.0008306599643436216,                   Val Loss: 0.003552416746970266, Test Loss: 0.005441905387366812
[2024-02-26 05:14:13,630][root][INFO] - Fold 4, Epoch 75, Train Loss: 0.0008251546061642113,                   Val Loss: 0.004516522749327123, Test Loss: 0.0059556757332757115
[2024-02-26 05:14:22,492][root][INFO] - Fold 4, Epoch 76, Train Loss: 0.0008138564991809073,                   Val Loss: 0.003248612202393512, Test Loss: 0.0056634903109321994
[2024-02-26 05:14:31,444][root][INFO] - Fold 4, Epoch 77, Train Loss: 0.0008378254105558707,                   Val Loss: 0.00455805120873265, Test Loss: 0.006233808972562353
[2024-02-26 05:14:40,350][root][INFO] - Fold 4, Epoch 78, Train Loss: 0.0008135286181987752,                   Val Loss: 0.0033182761981152, Test Loss: 0.005225739364201824
[2024-02-26 05:14:49,277][root][INFO] - Fold 4, Epoch 79, Train Loss: 0.0008063602394291333,                   Val Loss: 0.004727873815378795, Test Loss: 0.006098338868469
[2024-02-26 05:14:58,157][root][INFO] - Fold 4, Epoch 80, Train Loss: 0.0008570132305889967,                   Val Loss: 0.003317146358313039, Test Loss: 0.005273975819970171
[2024-02-26 05:15:07,006][root][INFO] - Fold 4, Epoch 81, Train Loss: 0.0007899406454747631,                   Val Loss: 0.004780003141301374, Test Loss: 0.006022397894412279
[2024-02-26 05:15:15,540][root][INFO] - Fold 4, Epoch 82, Train Loss: 0.0007670558531702097,                   Val Loss: 0.0034326967822077372, Test Loss: 0.00609424520128717
[2024-02-26 05:15:24,051][root][INFO] - Fold 4, Epoch 83, Train Loss: 0.0007451571097287039,                   Val Loss: 0.0036525009879066297, Test Loss: 0.005128209091102083
[2024-02-26 05:15:32,599][root][INFO] - Fold 4, Epoch 84, Train Loss: 0.0007445052753956545,                   Val Loss: 0.003862627908044184, Test Loss: 0.005290641022535662
[2024-02-26 05:15:41,496][root][INFO] - Fold 4, Epoch 85, Train Loss: 0.0007259142418791141,                   Val Loss: 0.00394063590404888, Test Loss: 0.005492569723476966
[2024-02-26 05:15:50,294][root][INFO] - Fold 4, Epoch 86, Train Loss: 0.000711899652655813,                   Val Loss: 0.003903178275019551, Test Loss: 0.005278671237950523
[2024-02-26 05:15:59,036][root][INFO] - Fold 4, Epoch 87, Train Loss: 0.0007005122301745273,                   Val Loss: 0.0038935205957386643, Test Loss: 0.005564990647447606
[2024-02-26 05:16:07,848][root][INFO] - Fold 4, Epoch 88, Train Loss: 0.0006838075655867302,                   Val Loss: 0.004006935516372323, Test Loss: 0.005415996497807403
[2024-02-26 05:16:16,672][root][INFO] - Fold 4, Epoch 89, Train Loss: 0.000678777327439526,                   Val Loss: 0.003974594777294745, Test Loss: 0.005718686191054682
[2024-02-26 05:16:25,435][root][INFO] - Fold 4, Epoch 90, Train Loss: 0.0006720796906544516,                   Val Loss: 0.0036157894743761667, Test Loss: 0.005211505573242903
[2024-02-26 05:16:34,162][root][INFO] - Fold 4, Epoch 91, Train Loss: 0.0006754328718497639,                   Val Loss: 0.004546216320401679, Test Loss: 0.0058388859033584595
[2024-02-26 05:16:42,948][root][INFO] - Fold 4, Epoch 92, Train Loss: 0.0006806503044485691,                   Val Loss: 0.0030763359973207116, Test Loss: 0.00503977892609934
[2024-02-26 05:16:51,695][root][INFO] - Fold 4, Epoch 93, Train Loss: 0.0007279960929216551,                   Val Loss: 0.003320316619162137, Test Loss: 0.004861057037487626
[2024-02-26 05:17:00,543][root][INFO] - Fold 4, Epoch 94, Train Loss: 0.0007996866146900824,                   Val Loss: 0.0027108015007494637, Test Loss: 0.004452354119469722
[2024-02-26 05:17:09,351][root][INFO] - Fold 4, Epoch 95, Train Loss: 0.0007968393800270167,                   Val Loss: 0.003076122452815374, Test Loss: 0.0043264757841825485
[2024-02-26 05:17:18,212][root][INFO] - Fold 4, Epoch 96, Train Loss: 0.0006545714734654341,                   Val Loss: 0.004014602357832094, Test Loss: 0.004761488448518018
[2024-02-26 05:17:26,961][root][INFO] - Fold 4, Epoch 97, Train Loss: 0.0006275334190355526,                   Val Loss: 0.003397483543570464, Test Loss: 0.004782717170504232
[2024-02-26 05:17:35,707][root][INFO] - Fold 4, Epoch 98, Train Loss: 0.0006193876005930914,                   Val Loss: 0.003904398928474014, Test Loss: 0.004930204789464672
[2024-02-26 05:17:44,546][root][INFO] - Fold 4, Epoch 99, Train Loss: 0.0006098918231492419,                   Val Loss: 0.0035958189012793205, Test Loss: 0.004928195538620154
[2024-02-26 05:17:53,325][root][INFO] - Fold 4, Epoch 100, Train Loss: 0.0006060018037844982,                   Val Loss: 0.0038698393812713525, Test Loss: 0.004941172626179953
[2024-02-26 05:17:53,342][root][INFO] - Model checkpoint for fold 4 saved at /workspaces/edd/outputs/2024-02-26/04-20-33/model_fold_4_epoch_100.pth
[2024-02-26 05:17:53,360][root][INFO] - Model for fold 4 saved at /workspaces/edd/outputs/2024-02-26/04-20-33/model_fold_4.pth
[2024-02-26 05:17:58,706][root][INFO] - Starting fold 5
[2024-02-26 05:17:58,710][root][INFO] - Fold 5: Training set size: 1320, Validation set size: 330
[2024-02-26 05:18:22,978][root][INFO] - Fold 5, Epoch 1, Train Loss: 0.039744887234909196,                   Val Loss: 0.025624430427948635, Test Loss: 0.04055564105510712
[2024-02-26 05:18:31,683][root][INFO] - Fold 5, Epoch 2, Train Loss: 0.024904113883773487,                   Val Loss: 0.017484695340196293, Test Loss: 0.026034122332930565
[2024-02-26 05:18:40,369][root][INFO] - Fold 5, Epoch 3, Train Loss: 0.01812316446254651,                   Val Loss: 0.013205556198954582, Test Loss: 0.022192711631457012
[2024-02-26 05:18:49,079][root][INFO] - Fold 5, Epoch 4, Train Loss: 0.014913385600915976,                   Val Loss: 0.01123519583294789, Test Loss: 0.01781835686415434
[2024-02-26 05:18:57,856][root][INFO] - Fold 5, Epoch 5, Train Loss: 0.013075813784130983,                   Val Loss: 0.010116996398816505, Test Loss: 0.016095347702503204
[2024-02-26 05:19:06,679][root][INFO] - Fold 5, Epoch 6, Train Loss: 0.012045505101836863,                   Val Loss: 0.009305097628384829, Test Loss: 0.014680786058306694
[2024-02-26 05:19:15,411][root][INFO] - Fold 5, Epoch 7, Train Loss: 0.011144160869575682,                   Val Loss: 0.008589424736176928, Test Loss: 0.013930029235780239
[2024-02-26 05:19:24,124][root][INFO] - Fold 5, Epoch 8, Train Loss: 0.010345803507204567,                   Val Loss: 0.007929415674880147, Test Loss: 0.013014460913836956
[2024-02-26 05:19:32,892][root][INFO] - Fold 5, Epoch 9, Train Loss: 0.009644020171392532,                   Val Loss: 0.007309915032237768, Test Loss: 0.012144944630563259
[2024-02-26 05:19:41,725][root][INFO] - Fold 5, Epoch 10, Train Loss: 0.00896001731355985,                   Val Loss: 0.0067082352470606565, Test Loss: 0.01164103951305151
[2024-02-26 05:19:50,545][root][INFO] - Fold 5, Epoch 11, Train Loss: 0.008395272373620952,                   Val Loss: 0.00620124659811457, Test Loss: 0.010992350988090038
[2024-02-26 05:19:59,391][root][INFO] - Fold 5, Epoch 12, Train Loss: 0.007926015582467829,                   Val Loss: 0.005789276445284486, Test Loss: 0.010211645935972532
[2024-02-26 05:20:08,204][root][INFO] - Fold 5, Epoch 13, Train Loss: 0.007484674520258393,                   Val Loss: 0.005376721809928616, Test Loss: 0.009756095862636963
[2024-02-26 05:20:17,016][root][INFO] - Fold 5, Epoch 14, Train Loss: 0.00699026585512218,                   Val Loss: 0.004999851070654889, Test Loss: 0.009342942542086044
[2024-02-26 05:20:25,806][root][INFO] - Fold 5, Epoch 15, Train Loss: 0.006576584962507089,                   Val Loss: 0.00462396318713824, Test Loss: 0.008916752878576517
[2024-02-26 05:20:34,605][root][INFO] - Fold 5, Epoch 16, Train Loss: 0.006465536564411152,                   Val Loss: 0.00424630637280643, Test Loss: 0.008457123612364134
[2024-02-26 05:20:43,322][root][INFO] - Fold 5, Epoch 17, Train Loss: 0.00570550396861065,                   Val Loss: 0.0038551410349706807, Test Loss: 0.008053038579722246
[2024-02-26 05:20:52,153][root][INFO] - Fold 5, Epoch 18, Train Loss: 0.005246009123289869,                   Val Loss: 0.00346919820488741, Test Loss: 0.007531678769737482
[2024-02-26 05:21:01,025][root][INFO] - Fold 5, Epoch 19, Train Loss: 0.0047970733583150875,                   Val Loss: 0.0031007175566628575, Test Loss: 0.007203825594236453
[2024-02-26 05:21:09,847][root][INFO] - Fold 5, Epoch 20, Train Loss: 0.004348031899315261,                   Val Loss: 0.002802352459790806, Test Loss: 0.006912043628593286
[2024-02-26 05:21:18,601][root][INFO] - Fold 5, Epoch 21, Train Loss: 0.004472155378954042,                   Val Loss: 0.002563782133317242, Test Loss: 0.006463541649281979
[2024-02-26 05:21:27,330][root][INFO] - Fold 5, Epoch 22, Train Loss: 0.0038413761205793847,                   Val Loss: 0.0023772158892825246, Test Loss: 0.006234426982700825
[2024-02-26 05:21:36,121][root][INFO] - Fold 5, Epoch 23, Train Loss: 0.003616722356084557,                   Val Loss: 0.002209247904829681, Test Loss: 0.005814197628448407
[2024-02-26 05:21:44,898][root][INFO] - Fold 5, Epoch 24, Train Loss: 0.0034540520615077446,                   Val Loss: 0.002065226804309835, Test Loss: 0.005552536187072595
[2024-02-26 05:21:53,750][root][INFO] - Fold 5, Epoch 25, Train Loss: 0.003270399279981142,                   Val Loss: 0.0019370403606444597, Test Loss: 0.0053389590078343945
[2024-02-26 05:22:02,478][root][INFO] - Fold 5, Epoch 26, Train Loss: 0.0034420973499349897,                   Val Loss: 0.0018297802501668532, Test Loss: 0.00505520892329514
[2024-02-26 05:22:11,292][root][INFO] - Fold 5, Epoch 27, Train Loss: 0.0029579874826595187,                   Val Loss: 0.001728095851528148, Test Loss: 0.004952623120819529
[2024-02-26 05:22:20,159][root][INFO] - Fold 5, Epoch 28, Train Loss: 0.0028832565904373213,                   Val Loss: 0.0016383252028996746, Test Loss: 0.0046856266756852465
[2024-02-26 05:22:28,947][root][INFO] - Fold 5, Epoch 29, Train Loss: 0.0027568607114344125,                   Val Loss: 0.0015557778048484276, Test Loss: 0.004568441770970821
[2024-02-26 05:22:37,764][root][INFO] - Fold 5, Epoch 30, Train Loss: 0.002679270298575007,                   Val Loss: 0.0014864801778458059, Test Loss: 0.004521096435685952
[2024-02-26 05:22:46,611][root][INFO] - Fold 5, Epoch 31, Train Loss: 0.0026251721373271373,                   Val Loss: 0.0014300765663695831, Test Loss: 0.004226359849174817
[2024-02-26 05:22:55,332][root][INFO] - Fold 5, Epoch 32, Train Loss: 0.0025630483980334942,                   Val Loss: 0.00137778104787382, Test Loss: 0.0043007428757846355
[2024-02-26 05:23:04,018][root][INFO] - Fold 5, Epoch 33, Train Loss: 0.0024715166683087035,                   Val Loss: 0.00133404823524567, Test Loss: 0.004184897445763151
[2024-02-26 05:23:12,801][root][INFO] - Fold 5, Epoch 34, Train Loss: 0.002421729582627969,                   Val Loss: 0.0012898160299907129, Test Loss: 0.004155020151908199
[2024-02-26 05:23:21,641][root][INFO] - Fold 5, Epoch 35, Train Loss: 0.0023357838813570283,                   Val Loss: 0.0012536959256976843, Test Loss: 0.004084931453689933
[2024-02-26 05:23:30,434][root][INFO] - Fold 5, Epoch 36, Train Loss: 0.0023090161405326355,                   Val Loss: 0.001221505740735059, Test Loss: 0.004029113954554002
[2024-02-26 05:23:39,345][root][INFO] - Fold 5, Epoch 37, Train Loss: 0.002254414943135565,                   Val Loss: 0.0011872443137690425, Test Loss: 0.00397120974957943
[2024-02-26 05:23:48,183][root][INFO] - Fold 5, Epoch 38, Train Loss: 0.002205302758652362,                   Val Loss: 0.0011592769684890907, Test Loss: 0.003936568430314462
[2024-02-26 05:23:56,999][root][INFO] - Fold 5, Epoch 39, Train Loss: 0.0021985534722695037,                   Val Loss: 0.0011383983849858244, Test Loss: 0.003910639866565664
[2024-02-26 05:24:05,812][root][INFO] - Fold 5, Epoch 40, Train Loss: 0.002131859267440935,                   Val Loss: 0.001108217528477932, Test Loss: 0.003907160134986043
[2024-02-26 05:24:14,517][root][INFO] - Fold 5, Epoch 41, Train Loss: 0.0020567059372773484,                   Val Loss: 0.0010870316764339805, Test Loss: 0.0038605716933185854
[2024-02-26 05:24:23,279][root][INFO] - Fold 5, Epoch 42, Train Loss: 0.002043425088881382,                   Val Loss: 0.0010643172039029498, Test Loss: 0.0039496098179370165
[2024-02-26 05:24:32,075][root][INFO] - Fold 5, Epoch 43, Train Loss: 0.0020036185049407537,                   Val Loss: 0.0010456246770142268, Test Loss: 0.0038598250054443875
[2024-02-26 05:24:40,857][root][INFO] - Fold 5, Epoch 44, Train Loss: 0.00194522585730911,                   Val Loss: 0.001028009835863486, Test Loss: 0.003925155693044265
[2024-02-26 05:24:49,596][root][INFO] - Fold 5, Epoch 45, Train Loss: 0.001940995454788208,                   Val Loss: 0.001004910523382326, Test Loss: 0.003920330588395397
[2024-02-26 05:24:58,333][root][INFO] - Fold 5, Epoch 46, Train Loss: 0.0018895543291277829,                   Val Loss: 0.0009947212335343163, Test Loss: 0.0038059205980971456
[2024-02-26 05:25:07,107][root][INFO] - Fold 5, Epoch 47, Train Loss: 0.001879997288120822,                   Val Loss: 0.0009741704367722074, Test Loss: 0.003822689216273526
[2024-02-26 05:25:15,966][root][INFO] - Fold 5, Epoch 48, Train Loss: 0.0018480206739955715,                   Val Loss: 0.0009594706352800131, Test Loss: 0.004104935253659884
[2024-02-26 05:25:24,697][root][INFO] - Fold 5, Epoch 49, Train Loss: 0.0018075629791599653,                   Val Loss: 0.0009407822411352148, Test Loss: 0.004012297140434384
[2024-02-26 05:25:33,599][root][INFO] - Fold 5, Epoch 50, Train Loss: 0.0017417247651056165,                   Val Loss: 0.0009252610131322095, Test Loss: 0.0039567841837803526
[2024-02-26 05:25:33,616][root][INFO] - Model checkpoint for fold 5 saved at /workspaces/edd/outputs/2024-02-26/04-20-33/model_fold_5_epoch_50.pth
[2024-02-26 05:25:42,430][root][INFO] - Fold 5, Epoch 51, Train Loss: 0.0017122863154370514,                   Val Loss: 0.0009139462781604379, Test Loss: 0.004133109895822902
[2024-02-26 05:25:51,279][root][INFO] - Fold 5, Epoch 52, Train Loss: 0.0017004685249135253,                   Val Loss: 0.0009051397598038117, Test Loss: 0.004210037373316784
[2024-02-26 05:26:00,099][root][INFO] - Fold 5, Epoch 53, Train Loss: 0.001665062282145733,                   Val Loss: 0.0008887239673640579, Test Loss: 0.004159790269720058
[2024-02-26 05:26:08,927][root][INFO] - Fold 5, Epoch 54, Train Loss: 0.0016352728901741405,                   Val Loss: 0.0008859059113698701, Test Loss: 0.004496073699556291
[2024-02-26 05:26:17,791][root][INFO] - Fold 5, Epoch 55, Train Loss: 0.001573862208585654,                   Val Loss: 0.0008690734830452129, Test Loss: 0.004329056789477666
[2024-02-26 05:26:26,599][root][INFO] - Fold 5, Epoch 56, Train Loss: 0.001541413807509733,                   Val Loss: 0.0008589184532562891, Test Loss: 0.004411383531987667
[2024-02-26 05:26:35,510][root][INFO] - Fold 5, Epoch 57, Train Loss: 0.0014972487364762596,                   Val Loss: 0.0008502778218826279, Test Loss: 0.0045081401864687605
[2024-02-26 05:26:44,308][root][INFO] - Fold 5, Epoch 58, Train Loss: 0.0014666027106743837,                   Val Loss: 0.0008426738010408977, Test Loss: 0.004557628960659106
[2024-02-26 05:26:52,999][root][INFO] - Fold 5, Epoch 59, Train Loss: 0.001412833749782294,                   Val Loss: 0.0008297042804770172, Test Loss: 0.004683876681762437
[2024-02-26 05:27:01,770][root][INFO] - Fold 5, Epoch 60, Train Loss: 0.00139439031426307,                   Val Loss: 0.0008275424382494142, Test Loss: 0.004996125896771749
[2024-02-26 05:27:11,553][root][INFO] - Fold 5, Epoch 61, Train Loss: 0.0013497702256288556,                   Val Loss: 0.000816692709728765, Test Loss: 0.005242912059960266
[2024-02-26 05:27:21,013][root][INFO] - Fold 5, Epoch 62, Train Loss: 0.00128023148170628,                   Val Loss: 0.0008094423198296378, Test Loss: 0.004793460558479031
[2024-02-26 05:27:29,836][root][INFO] - Fold 5, Epoch 63, Train Loss: 0.0012763326300219411,                   Val Loss: 0.0007981581050747385, Test Loss: 0.005091720260679722
[2024-02-26 05:27:38,662][root][INFO] - Fold 5, Epoch 64, Train Loss: 0.0012166219170293992,                   Val Loss: 0.0007863282565570747, Test Loss: 0.005069205188192427
[2024-02-26 05:27:47,497][root][INFO] - Fold 5, Epoch 65, Train Loss: 0.0011755501618608832,                   Val Loss: 0.0007770962207966173, Test Loss: 0.0049989446221540374
[2024-02-26 05:27:56,337][root][INFO] - Fold 5, Epoch 66, Train Loss: 0.0011384338445384942,                   Val Loss: 0.0007688809661582733, Test Loss: 0.005235022205548982
[2024-02-26 05:28:05,122][root][INFO] - Fold 5, Epoch 67, Train Loss: 0.0011238807845594628,                   Val Loss: 0.0007683308018992344, Test Loss: 0.005606867567015191
[2024-02-26 05:28:13,910][root][INFO] - Fold 5, Epoch 68, Train Loss: 0.0010824227550377448,                   Val Loss: 0.0007570172504832348, Test Loss: 0.004816151418102284
[2024-02-26 05:28:22,656][root][INFO] - Fold 5, Epoch 69, Train Loss: 0.0010593883316254331,                   Val Loss: 0.0007585266090851898, Test Loss: 0.005181646556593478
[2024-02-26 05:28:31,476][root][INFO] - Fold 5, Epoch 70, Train Loss: 0.0010297162502649285,                   Val Loss: 0.0007400375422245512, Test Loss: 0.005099197655605773
[2024-02-26 05:28:40,228][root][INFO] - Fold 5, Epoch 71, Train Loss: 0.0009987752363529233,                   Val Loss: 0.0007306554422636206, Test Loss: 0.005162599845789373
[2024-02-26 05:28:49,038][root][INFO] - Fold 5, Epoch 72, Train Loss: 0.0009578622495090323,                   Val Loss: 0.0007157923149255415, Test Loss: 0.005189347042081256
[2024-02-26 05:28:57,887][root][INFO] - Fold 5, Epoch 73, Train Loss: 0.0009353934964608579,                   Val Loss: 0.000703852711012587, Test Loss: 0.005199312465265393
[2024-02-26 05:29:06,706][root][INFO] - Fold 5, Epoch 74, Train Loss: 0.0009169873692804859,                   Val Loss: 0.0007026095602971812, Test Loss: 0.005029059985342125
[2024-02-26 05:29:15,584][root][INFO] - Fold 5, Epoch 75, Train Loss: 0.0008976409139688171,                   Val Loss: 0.0006905895522019515, Test Loss: 0.005062344057175021
[2024-02-26 05:29:24,452][root][INFO] - Fold 5, Epoch 76, Train Loss: 0.0008820511894078837,                   Val Loss: 0.0006826178238649542, Test Loss: 0.004834374723335107
[2024-02-26 05:29:33,249][root][INFO] - Fold 5, Epoch 77, Train Loss: 0.0008774672224674196,                   Val Loss: 0.0006779609442067643, Test Loss: 0.004980392754077911
[2024-02-26 05:29:42,139][root][INFO] - Fold 5, Epoch 78, Train Loss: 0.0008750437811527046,                   Val Loss: 0.0006709788479687026, Test Loss: 0.004622901440598071
[2024-02-26 05:29:50,967][root][INFO] - Fold 5, Epoch 79, Train Loss: 0.0008489413247887223,                   Val Loss: 0.0006679429401022693, Test Loss: 0.006317082288054128
[2024-02-26 05:29:59,815][root][INFO] - Fold 5, Epoch 80, Train Loss: 0.0008373091806701961,                   Val Loss: 0.0006609904279078668, Test Loss: 0.00482886148771892
[2024-02-26 05:30:08,614][root][INFO] - Fold 5, Epoch 81, Train Loss: 0.0008379743584165615,                   Val Loss: 0.0006603230867767707, Test Loss: 0.005025761900469661
[2024-02-26 05:30:17,447][root][INFO] - Fold 5, Epoch 82, Train Loss: 0.0008011312151904262,                   Val Loss: 0.0006441140285460278, Test Loss: 0.004933359722296397
[2024-02-26 05:30:26,187][root][INFO] - Fold 5, Epoch 83, Train Loss: 0.0007838627373400543,                   Val Loss: 0.0006349967637409767, Test Loss: 0.004669955077891548
[2024-02-26 05:30:35,000][root][INFO] - Fold 5, Epoch 84, Train Loss: 0.0007770378253467026,                   Val Loss: 0.0006287250095435107, Test Loss: 0.00453525052095453
[2024-02-26 05:30:43,869][root][INFO] - Fold 5, Epoch 85, Train Loss: 0.0007735480931365774,                   Val Loss: 0.000625672570701378, Test Loss: 0.005176261921102802
[2024-02-26 05:30:52,680][root][INFO] - Fold 5, Epoch 86, Train Loss: 0.0007881920180460881,                   Val Loss: 0.0006376156913271794, Test Loss: 0.004385777865536511
[2024-02-26 05:31:01,513][root][INFO] - Fold 5, Epoch 87, Train Loss: 0.0008947118989280647,                   Val Loss: 0.0007021712081041187, Test Loss: 0.0037363426138957343
[2024-02-26 05:31:10,418][root][INFO] - Fold 5, Epoch 88, Train Loss: 0.0010843392533604942,                   Val Loss: 0.0008113804797176272, Test Loss: 0.005876342300325632
[2024-02-26 05:31:19,196][root][INFO] - Fold 5, Epoch 89, Train Loss: 0.0008563081861384923,                   Val Loss: 0.0006632859100742886, Test Loss: 0.0039004506155227623
[2024-02-26 05:31:28,117][root][INFO] - Fold 5, Epoch 90, Train Loss: 0.0007564058094950658,                   Val Loss: 0.0006121786088139439, Test Loss: 0.004007238429039717
[2024-02-26 05:31:36,940][root][INFO] - Fold 5, Epoch 91, Train Loss: 0.0007233014690601045,                   Val Loss: 0.0005946773259590069, Test Loss: 0.004006404274453719
[2024-02-26 05:31:45,650][root][INFO] - Fold 5, Epoch 92, Train Loss: 0.0007072122285275587,                   Val Loss: 0.0005876587820239365, Test Loss: 0.004117297745930652
[2024-02-26 05:31:54,442][root][INFO] - Fold 5, Epoch 93, Train Loss: 0.0006979884527113644,                   Val Loss: 0.0005863499342619131, Test Loss: 0.004077479902965327
[2024-02-26 05:32:03,256][root][INFO] - Fold 5, Epoch 94, Train Loss: 0.0006937169888433779,                   Val Loss: 0.0005788229658113172, Test Loss: 0.004104458416501681
[2024-02-26 05:32:11,965][root][INFO] - Fold 5, Epoch 95, Train Loss: 0.0006809233843038479,                   Val Loss: 0.0005782317651513343, Test Loss: 0.004151651752181351
[2024-02-26 05:32:20,686][root][INFO] - Fold 5, Epoch 96, Train Loss: 0.0006713129031205815,                   Val Loss: 0.0005711962003260851, Test Loss: 0.004196865018457174
[2024-02-26 05:32:29,505][root][INFO] - Fold 5, Epoch 97, Train Loss: 0.0006646835175897216,                   Val Loss: 0.0005670769799811145, Test Loss: 0.00405281320369492
[2024-02-26 05:32:38,373][root][INFO] - Fold 5, Epoch 98, Train Loss: 0.0006651201956195845,                   Val Loss: 0.0005649541417369619, Test Loss: 0.004113328332702319
[2024-02-26 05:32:47,183][root][INFO] - Fold 5, Epoch 99, Train Loss: 0.0006494956628774249,                   Val Loss: 0.0005591315372536579, Test Loss: 0.004040697550711532
[2024-02-26 05:32:55,991][root][INFO] - Fold 5, Epoch 100, Train Loss: 0.0006517151279175388,                   Val Loss: 0.0005563885303369412, Test Loss: 0.004251377967496713
[2024-02-26 05:32:56,007][root][INFO] - Model checkpoint for fold 5 saved at /workspaces/edd/outputs/2024-02-26/04-20-33/model_fold_5_epoch_100.pth
[2024-02-26 05:32:56,023][root][INFO] - Model for fold 5 saved at /workspaces/edd/outputs/2024-02-26/04-20-33/model_fold_5.pth
